Loss: 1.0605, Training Accuracy: 63.98%, Test Accuracy: 64.76%
Finished Training
| 32        | -1.06     | 0.1134    | 74.14     | 0.001062  | 7.974     |

Iteration 33, Parameters: num_layers=7, activation_fn=LeakyReLU, batch_size=109, learning_rate=0.00097
Epoch 1/25
Loss: 2.5579, Training Accuracy: 22.71%, Test Accuracy: 23.02%
Epoch 2/25
Loss: 2.0604, Training Accuracy: 30.64%, Test Accuracy: 31.51%
Epoch 3/25
Loss: 1.8013, Training Accuracy: 47.15%, Test Accuracy: 48.12%
Epoch 4/25
Loss: 1.5002, Training Accuracy: 51.64%, Test Accuracy: 52.97%
Epoch 5/25
Loss: 1.3914, Training Accuracy: 54.29%, Test Accuracy: 54.42%
Epoch 6/25
Loss: 1.3165, Training Accuracy: 55.18%, Test Accuracy: 55.56%
Epoch 7/25
Loss: 1.2842, Training Accuracy: 55.82%, Test Accuracy: 57.11%
Epoch 8/25
Loss: 1.2492, Training Accuracy: 56.90%, Test Accuracy: 57.43%
Epoch 9/25
Loss: 1.2368, Training Accuracy: 57.73%, Test Accuracy: 59.10%
Epoch 10/25
Loss: 1.2104, Training Accuracy: 57.73%, Test Accuracy: 58.66%
Epoch 11/25
Loss: 1.1934, Training Accuracy: 60.22%, Test Accuracy: 60.78%
Epoch 12/25
Loss: 1.1819, Training Accuracy: 59.20%, Test Accuracy: 60.47%
Epoch 13/25
Loss: 1.1713, Training Accuracy: 60.00%, Test Accuracy: 60.72%
Epoch 14/25
Loss: 1.1612, Training Accuracy: 60.53%, Test Accuracy: 61.20%
Epoch 15/25
Loss: 1.1510, Training Accuracy: 60.38%, Test Accuracy: 61.07%
Epoch 16/25
Loss: 1.1365, Training Accuracy: 61.30%, Test Accuracy: 62.47%
Epoch 17/25
Loss: 1.1294, Training Accuracy: 61.21%, Test Accuracy: 62.36%
Epoch 18/25
Loss: 1.1234, Training Accuracy: 61.73%, Test Accuracy: 62.67%
Epoch 19/25
Loss: 1.1157, Training Accuracy: 62.25%, Test Accuracy: 63.27%
Epoch 20/25
Loss: 1.1086, Training Accuracy: 61.80%, Test Accuracy: 63.08%
Epoch 21/25
Loss: 1.0983, Training Accuracy: 63.23%, Test Accuracy: 62.59%
Epoch 22/25
Loss: 1.0959, Training Accuracy: 61.88%, Test Accuracy: 62.82%
Epoch 23/25
Loss: 1.0907, Training Accuracy: 62.84%, Test Accuracy: 64.32%
Epoch 24/25
Loss: 1.0766, Training Accuracy: 62.96%, Test Accuracy: 63.57%
Epoch 25/25
Loss: 1.0836, Training Accuracy: 62.81%, Test Accuracy: 63.12%
Finished Training
| 33        | -1.084    | 0.8094    | 109.1     | 0.0009667 | 7.021     |

Iteration 34, Parameters: num_layers=7, activation_fn=LeakyReLU, batch_size=51, learning_rate=0.00065
Epoch 1/25
Loss: 2.7230, Training Accuracy: 17.47%, Test Accuracy: 17.43%
Epoch 2/25
Loss: 2.1605, Training Accuracy: 28.93%, Test Accuracy: 28.52%
Epoch 3/25
Loss: 1.8921, Training Accuracy: 38.88%, Test Accuracy: 39.68%
Epoch 4/25
Loss: 1.7191, Training Accuracy: 45.34%, Test Accuracy: 45.55%
Epoch 5/25
Loss: 1.5648, Training Accuracy: 48.23%, Test Accuracy: 49.09%
Epoch 6/25
Loss: 1.4843, Training Accuracy: 51.79%, Test Accuracy: 52.80%
Epoch 7/25
Loss: 1.4298, Training Accuracy: 52.45%, Test Accuracy: 53.02%
Epoch 8/25
Loss: 1.3834, Training Accuracy: 53.83%, Test Accuracy: 54.85%
Epoch 9/25
Loss: 1.3458, Training Accuracy: 54.69%, Test Accuracy: 55.08%
Epoch 10/25
Loss: 1.3204, Training Accuracy: 55.30%, Test Accuracy: 55.44%
Epoch 11/25
Loss: 1.2972, Training Accuracy: 55.94%, Test Accuracy: 56.59%
Epoch 12/25
Loss: 1.2674, Training Accuracy: 57.06%, Test Accuracy: 57.68%
Epoch 13/25
Loss: 1.2474, Training Accuracy: 57.03%, Test Accuracy: 57.77%
Epoch 14/25
Loss: 1.2377, Training Accuracy: 58.04%, Test Accuracy: 59.11%
Epoch 15/25
Loss: 1.2227, Training Accuracy: 58.69%, Test Accuracy: 58.92%
Epoch 16/25
Loss: 1.2052, Training Accuracy: 59.77%, Test Accuracy: 61.01%
Epoch 17/25
Loss: 1.1893, Training Accuracy: 58.99%, Test Accuracy: 59.47%
Epoch 18/25
Loss: 1.1871, Training Accuracy: 59.61%, Test Accuracy: 60.90%
Epoch 19/25
Loss: 1.1790, Training Accuracy: 59.91%, Test Accuracy: 60.79%
Epoch 20/25
Loss: 1.1659, Training Accuracy: 60.06%, Test Accuracy: 60.82%
Epoch 21/25
Loss: 1.1598, Training Accuracy: 61.03%, Test Accuracy: 61.24%
Epoch 22/25
Loss: 1.1491, Training Accuracy: 61.10%, Test Accuracy: 62.27%
Epoch 23/25
Loss: 1.1409, Training Accuracy: 60.26%, Test Accuracy: 61.36%
Epoch 24/25
Loss: 1.1368, Training Accuracy: 61.19%, Test Accuracy: 62.83%
Epoch 25/25
Loss: 1.1259, Training Accuracy: 61.74%, Test Accuracy: 62.83%
Finished Training
| 34        | -1.126    | 0.7531    | 51.53     | 0.0006542 | 7.99      |

Iteration 35, Parameters: num_layers=7, activation_fn=LeakyReLU, batch_size=53, learning_rate=0.00103
Epoch 1/25
Loss: 2.5176, Training Accuracy: 23.13%, Test Accuracy: 23.73%
Epoch 2/25
Loss: 1.9905, Training Accuracy: 41.92%, Test Accuracy: 42.83%
Epoch 3/25
Loss: 1.5906, Training Accuracy: 50.20%, Test Accuracy: 52.07%
Epoch 4/25
Loss: 1.4235, Training Accuracy: 52.86%, Test Accuracy: 53.66%
Epoch 5/25
Loss: 1.3647, Training Accuracy: 55.53%, Test Accuracy: 56.75%
Epoch 6/25
Loss: 1.3224, Training Accuracy: 55.89%, Test Accuracy: 58.08%
Epoch 7/25
Loss: 1.2851, Training Accuracy: 55.78%, Test Accuracy: 56.62%
Epoch 8/25
Loss: 1.2702, Training Accuracy: 56.41%, Test Accuracy: 57.61%
Epoch 9/25
Loss: 1.2460, Training Accuracy: 58.16%, Test Accuracy: 59.02%
Epoch 10/25
Loss: 1.2282, Training Accuracy: 58.52%, Test Accuracy: 59.51%
Epoch 11/25
Loss: 1.2098, Training Accuracy: 59.80%, Test Accuracy: 61.16%
Epoch 12/25
Loss: 1.1910, Training Accuracy: 59.75%, Test Accuracy: 60.61%
Epoch 13/25
Loss: 1.1812, Training Accuracy: 59.42%, Test Accuracy: 60.21%
Epoch 14/25
Loss: 1.1720, Training Accuracy: 60.83%, Test Accuracy: 62.00%
Epoch 15/25
Loss: 1.1598, Training Accuracy: 58.25%, Test Accuracy: 59.74%
Epoch 16/25
Loss: 1.1485, Training Accuracy: 61.07%, Test Accuracy: 62.28%
Epoch 17/25
Loss: 1.1441, Training Accuracy: 61.09%, Test Accuracy: 62.08%
Epoch 18/25
Loss: 1.1395, Training Accuracy: 60.67%, Test Accuracy: 62.16%
Epoch 19/25
Loss: 1.1298, Training Accuracy: 61.14%, Test Accuracy: 61.03%
Epoch 20/25
Loss: 1.1230, Training Accuracy: 61.82%, Test Accuracy: 62.83%
Epoch 21/25
Loss: 1.1140, Training Accuracy: 62.22%, Test Accuracy: 63.67%
Epoch 22/25
Loss: 1.1039, Training Accuracy: 61.44%, Test Accuracy: 62.24%
Epoch 23/25
Loss: 1.1088, Training Accuracy: 61.36%, Test Accuracy: 62.52%
Epoch 24/25
Loss: 1.1019, Training Accuracy: 62.55%, Test Accuracy: 63.85%
Epoch 25/25
Loss: 1.0913, Training Accuracy: 62.09%, Test Accuracy: 63.19%
Finished Training
| 35        | -1.091    | 0.4051    | 53.87     | 0.001026  | 7.844     |

Iteration 36, Parameters: num_layers=7, activation_fn=LeakyReLU, batch_size=105, learning_rate=0.00091
Epoch 1/25
Loss: 2.5667, Training Accuracy: 27.19%, Test Accuracy: 27.65%
Epoch 2/25
Loss: 2.0173, Training Accuracy: 34.22%, Test Accuracy: 34.18%
Epoch 3/25
Loss: 1.7070, Training Accuracy: 46.74%, Test Accuracy: 48.26%
Epoch 4/25
Loss: 1.5153, Training Accuracy: 50.59%, Test Accuracy: 51.56%
Epoch 5/25
Loss: 1.4181, Training Accuracy: 53.26%, Test Accuracy: 53.80%
Epoch 6/25
Loss: 1.3420, Training Accuracy: 54.56%, Test Accuracy: 55.74%
Epoch 7/25
Loss: 1.3042, Training Accuracy: 55.27%, Test Accuracy: 56.49%
Epoch 8/25
Loss: 1.2702, Training Accuracy: 57.66%, Test Accuracy: 58.21%
Epoch 9/25
Loss: 1.2364, Training Accuracy: 57.98%, Test Accuracy: 59.82%
Epoch 10/25
Loss: 1.2030, Training Accuracy: 58.09%, Test Accuracy: 59.44%
Epoch 11/25
Loss: 1.1898, Training Accuracy: 59.35%, Test Accuracy: 60.57%
Epoch 12/25
Loss: 1.1724, Training Accuracy: 60.14%, Test Accuracy: 61.56%
Epoch 13/25
Loss: 1.1575, Training Accuracy: 60.59%, Test Accuracy: 60.98%
Epoch 14/25
Loss: 1.1530, Training Accuracy: 59.72%, Test Accuracy: 60.83%
Epoch 15/25
Loss: 1.1388, Training Accuracy: 61.33%, Test Accuracy: 62.07%
Epoch 16/25
Loss: 1.1252, Training Accuracy: 62.07%, Test Accuracy: 62.40%
Epoch 17/25
Loss: 1.1221, Training Accuracy: 61.63%, Test Accuracy: 62.34%
Epoch 18/25
Loss: 1.1126, Training Accuracy: 61.25%, Test Accuracy: 61.83%
Epoch 19/25
Loss: 1.1135, Training Accuracy: 62.00%, Test Accuracy: 63.14%
Epoch 20/25
Loss: 1.1102, Training Accuracy: 62.05%, Test Accuracy: 62.75%
Epoch 21/25
Loss: 1.1021, Training Accuracy: 62.88%, Test Accuracy: 64.60%
Epoch 22/25
Loss: 1.0952, Training Accuracy: 63.16%, Test Accuracy: 64.15%
Epoch 23/25
Loss: 1.0941, Training Accuracy: 62.74%, Test Accuracy: 64.13%
Epoch 24/25
Loss: 1.0871, Training Accuracy: 62.65%, Test Accuracy: 64.17%
Epoch 25/25
Loss: 1.0787, Training Accuracy: 63.18%, Test Accuracy: 63.58%
Finished Training
| 36        | -1.079    | 0.4687    | 105.8     | 0.0009057 | 7.313     |

Iteration 37, Parameters: num_layers=7, activation_fn=LeakyReLU, batch_size=61, learning_rate=0.0012
Epoch 1/25
Loss: 2.6236, Training Accuracy: 29.24%, Test Accuracy: 29.84%
Epoch 2/25
Loss: 1.8140, Training Accuracy: 46.52%, Test Accuracy: 48.00%
Epoch 3/25
Loss: 1.5096, Training Accuracy: 51.87%, Test Accuracy: 53.19%
Epoch 4/25
Loss: 1.3925, Training Accuracy: 53.61%, Test Accuracy: 54.34%
Epoch 5/25
Loss: 1.3203, Training Accuracy: 55.27%, Test Accuracy: 55.87%
Epoch 6/25
Loss: 1.2708, Training Accuracy: 57.95%, Test Accuracy: 58.20%
Epoch 7/25
Loss: 1.2487, Training Accuracy: 57.88%, Test Accuracy: 57.84%
Epoch 8/25
Loss: 1.2267, Training Accuracy: 58.84%, Test Accuracy: 58.75%
Epoch 9/25
Loss: 1.2076, Training Accuracy: 59.48%, Test Accuracy: 61.30%
Epoch 10/25
Loss: 1.1926, Training Accuracy: 60.09%, Test Accuracy: 62.09%
Epoch 11/25
Loss: 1.1694, Training Accuracy: 60.46%, Test Accuracy: 61.49%
Epoch 12/25
Loss: 1.1636, Training Accuracy: 60.96%, Test Accuracy: 61.88%
Epoch 13/25
Loss: 1.1537, Training Accuracy: 61.19%, Test Accuracy: 61.62%
Epoch 14/25
Loss: 1.1405, Training Accuracy: 61.70%, Test Accuracy: 61.77%
Epoch 15/25
Loss: 1.1362, Training Accuracy: 61.85%, Test Accuracy: 62.36%
Epoch 16/25
Loss: 1.1269, Training Accuracy: 61.03%, Test Accuracy: 62.01%
Epoch 17/25
Loss: 1.1252, Training Accuracy: 61.93%, Test Accuracy: 61.86%
Epoch 18/25
Loss: 1.1170, Training Accuracy: 62.22%, Test Accuracy: 62.25%
Epoch 19/25
Loss: 1.1077, Training Accuracy: 61.65%, Test Accuracy: 62.10%
Epoch 20/25
Loss: 1.1022, Training Accuracy: 63.24%, Test Accuracy: 64.01%
Epoch 21/25
Loss: 1.0947, Training Accuracy: 62.84%, Test Accuracy: 63.21%
Epoch 22/25
Loss: 1.0869, Training Accuracy: 62.34%, Test Accuracy: 63.83%
Epoch 23/25
Loss: 1.0842, Training Accuracy: 63.03%, Test Accuracy: 64.09%
Epoch 24/25
Loss: 1.0809, Training Accuracy: 62.95%, Test Accuracy: 63.54%
Epoch 25/25
Loss: 1.0786, Training Accuracy: 63.52%, Test Accuracy: 63.52%
Finished Training
| 37        | -1.079    | 0.532     | 61.93     | 0.001196  | 7.777     |

Iteration 38, Parameters: num_layers=7, activation_fn=LeakyReLU, batch_size=53, learning_rate=0.00102
Epoch 1/25
Loss: 2.5921, Training Accuracy: 20.69%, Test Accuracy: 21.33%
Epoch 2/25
Loss: 1.9990, Training Accuracy: 36.83%, Test Accuracy: 37.20%
Epoch 3/25
Loss: 1.6846, Training Accuracy: 40.92%, Test Accuracy: 41.04%
Epoch 4/25
Loss: 1.4991, Training Accuracy: 52.09%, Test Accuracy: 51.77%
Epoch 5/25
Loss: 1.3882, Training Accuracy: 52.16%, Test Accuracy: 53.13%
Epoch 6/25
Loss: 1.3381, Training Accuracy: 55.12%, Test Accuracy: 56.25%
Epoch 7/25
Loss: 1.2983, Training Accuracy: 55.69%, Test Accuracy: 57.77%
Epoch 8/25
Loss: 1.2772, Training Accuracy: 57.82%, Test Accuracy: 59.24%
Epoch 9/25
Loss: 1.2520, Training Accuracy: 57.82%, Test Accuracy: 58.36%
Epoch 10/25
Loss: 1.2355, Training Accuracy: 57.44%, Test Accuracy: 57.68%
Epoch 11/25
Loss: 1.2132, Training Accuracy: 59.20%, Test Accuracy: 60.30%
Epoch 12/25
Loss: 1.2041, Training Accuracy: 58.57%, Test Accuracy: 59.29%
Epoch 13/25
Loss: 1.1770, Training Accuracy: 60.04%, Test Accuracy: 61.31%
Epoch 14/25
Loss: 1.1762, Training Accuracy: 59.57%, Test Accuracy: 60.80%
Epoch 15/25
Loss: 1.1633, Training Accuracy: 60.89%, Test Accuracy: 61.45%
Epoch 16/25
Loss: 1.1489, Training Accuracy: 61.17%, Test Accuracy: 61.27%
Epoch 17/25
Loss: 1.1395, Training Accuracy: 60.33%, Test Accuracy: 61.51%
Epoch 18/25
Loss: 1.1363, Training Accuracy: 61.26%, Test Accuracy: 62.17%
Epoch 19/25
Loss: 1.1237, Training Accuracy: 60.93%, Test Accuracy: 62.37%
Epoch 20/25
Loss: 1.1193, Training Accuracy: 61.82%, Test Accuracy: 62.99%
Epoch 21/25
Loss: 1.1058, Training Accuracy: 61.61%, Test Accuracy: 62.60%
Epoch 22/25
Loss: 1.1094, Training Accuracy: 61.97%, Test Accuracy: 63.29%
Epoch 23/25
Loss: 1.1005, Training Accuracy: 62.22%, Test Accuracy: 63.88%
Epoch 24/25
Loss: 1.0989, Training Accuracy: 62.36%, Test Accuracy: 63.18%
Epoch 25/25
Loss: 1.0820, Training Accuracy: 62.43%, Test Accuracy: 63.84%
Finished Training
| 38        | -1.082    | 0.764     | 53.18     | 0.001019  | 7.519     |

Iteration 39, Parameters: num_layers=7, activation_fn=LeakyReLU, batch_size=94, learning_rate=0.00056
Epoch 1/25
Loss: 2.5940, Training Accuracy: 22.57%, Test Accuracy: 23.71%
Epoch 2/25
Loss: 2.0574, Training Accuracy: 32.58%, Test Accuracy: 33.77%
Epoch 3/25
Loss: 1.8334, Training Accuracy: 40.80%, Test Accuracy: 42.12%
Epoch 4/25
Loss: 1.6452, Training Accuracy: 47.37%, Test Accuracy: 47.66%
Epoch 5/25
Loss: 1.5258, Training Accuracy: 48.71%, Test Accuracy: 49.62%
Epoch 6/25
Loss: 1.4470, Training Accuracy: 51.22%, Test Accuracy: 52.92%
Epoch 7/25
Loss: 1.4038, Training Accuracy: 52.78%, Test Accuracy: 54.12%
Epoch 8/25
Loss: 1.3565, Training Accuracy: 54.79%, Test Accuracy: 55.78%
Epoch 9/25
Loss: 1.3257, Training Accuracy: 55.03%, Test Accuracy: 55.95%
Epoch 10/25
Loss: 1.2963, Training Accuracy: 55.57%, Test Accuracy: 57.17%
Epoch 11/25
Loss: 1.2801, Training Accuracy: 56.33%, Test Accuracy: 57.62%
Epoch 12/25
Loss: 1.2576, Training Accuracy: 57.58%, Test Accuracy: 57.93%
Epoch 13/25
Loss: 1.2339, Training Accuracy: 56.97%, Test Accuracy: 58.08%
Epoch 14/25
Loss: 1.2252, Training Accuracy: 58.12%, Test Accuracy: 59.40%
Epoch 15/25
Loss: 1.2092, Training Accuracy: 59.06%, Test Accuracy: 59.92%
Epoch 16/25
Loss: 1.1919, Training Accuracy: 58.96%, Test Accuracy: 60.37%
Epoch 17/25
Loss: 1.1824, Training Accuracy: 59.21%, Test Accuracy: 60.38%
Epoch 18/25
Loss: 1.1711, Training Accuracy: 60.16%, Test Accuracy: 61.75%
Epoch 19/25
Loss: 1.1566, Training Accuracy: 60.46%, Test Accuracy: 61.09%
Epoch 20/25
Loss: 1.1520, Training Accuracy: 60.95%, Test Accuracy: 61.79%
Epoch 21/25
Loss: 1.1404, Training Accuracy: 61.57%, Test Accuracy: 63.44%
Epoch 22/25
Loss: 1.1330, Training Accuracy: 61.78%, Test Accuracy: 62.47%
Epoch 23/25
Loss: 1.1282, Training Accuracy: 61.76%, Test Accuracy: 62.79%
Epoch 24/25
Loss: 1.1279, Training Accuracy: 61.94%, Test Accuracy: 62.87%
Epoch 25/25
Loss: 1.1207, Training Accuracy: 61.70%, Test Accuracy: 62.83%
Finished Training