Loss: 1.1311, Training Accuracy: 60.76%, Test Accuracy: 62.00%
Epoch 17/25
Loss: 1.1265, Training Accuracy: 60.85%, Test Accuracy: 61.47%
Epoch 18/25
Loss: 1.1231, Training Accuracy: 61.72%, Test Accuracy: 63.06%
Epoch 19/25
Loss: 1.1072, Training Accuracy: 62.25%, Test Accuracy: 62.84%
Epoch 20/25
Loss: 1.1011, Training Accuracy: 62.68%, Test Accuracy: 63.57%
Epoch 21/25
Loss: 1.1037, Training Accuracy: 62.77%, Test Accuracy: 63.30%
Epoch 22/25
Loss: 1.0939, Training Accuracy: 62.14%, Test Accuracy: 62.96%
Epoch 23/25
Loss: 1.0915, Training Accuracy: 62.28%, Test Accuracy: 61.86%
Epoch 24/25
Loss: 1.0882, Training Accuracy: 62.79%, Test Accuracy: 62.82%
Epoch 25/25
Loss: 1.0883, Training Accuracy: 63.10%, Test Accuracy: 63.64%
Finished Training
| 11        | -1.088    | 0.5872    | 75.57     | 0.001187  | 7.506     |

Iteration 12, Parameters: num_layers=7, activation_fn=LeakyReLU, batch_size=54, learning_rate=0.0011
Epoch 1/25
Loss: 2.4251, Training Accuracy: 27.15%, Test Accuracy: 28.55%
Epoch 2/25
Loss: 1.7677, Training Accuracy: 47.31%, Test Accuracy: 48.17%
Epoch 3/25
Loss: 1.4910, Training Accuracy: 49.99%, Test Accuracy: 50.89%
Epoch 4/25
Loss: 1.3965, Training Accuracy: 53.27%, Test Accuracy: 54.13%
Epoch 5/25
Loss: 1.3210, Training Accuracy: 56.28%, Test Accuracy: 57.33%
Epoch 6/25
Loss: 1.2719, Training Accuracy: 57.76%, Test Accuracy: 58.45%
Epoch 7/25
Loss: 1.2366, Training Accuracy: 58.52%, Test Accuracy: 59.41%
Epoch 8/25
Loss: 1.2189, Training Accuracy: 59.43%, Test Accuracy: 60.76%
Epoch 9/25
Loss: 1.1952, Training Accuracy: 59.96%, Test Accuracy: 61.89%
Epoch 10/25
Loss: 1.1763, Training Accuracy: 60.05%, Test Accuracy: 60.96%
Epoch 11/25
Loss: 1.1637, Training Accuracy: 59.32%, Test Accuracy: 60.24%
Epoch 12/25
Loss: 1.1529, Training Accuracy: 60.94%, Test Accuracy: 61.93%
Epoch 13/25
Loss: 1.1387, Training Accuracy: 60.55%, Test Accuracy: 61.55%
Epoch 14/25
Loss: 1.1274, Training Accuracy: 60.83%, Test Accuracy: 61.44%
Epoch 15/25
Loss: 1.1251, Training Accuracy: 61.96%, Test Accuracy: 63.04%
Epoch 16/25
Loss: 1.1168, Training Accuracy: 61.97%, Test Accuracy: 62.89%
Epoch 17/25
Loss: 1.1044, Training Accuracy: 62.16%, Test Accuracy: 63.02%
Epoch 18/25
Loss: 1.1022, Training Accuracy: 62.35%, Test Accuracy: 63.26%
Epoch 19/25
Loss: 1.0908, Training Accuracy: 62.91%, Test Accuracy: 63.91%
Epoch 20/25
Loss: 1.0915, Training Accuracy: 63.21%, Test Accuracy: 64.48%
Epoch 21/25
Loss: 1.0787, Training Accuracy: 62.97%, Test Accuracy: 64.19%
Epoch 22/25
Loss: 1.0829, Training Accuracy: 62.98%, Test Accuracy: 64.37%
Epoch 23/25
Loss: 1.0792, Training Accuracy: 63.41%, Test Accuracy: 64.12%
Epoch 24/25
Loss: 1.0767, Training Accuracy: 63.40%, Test Accuracy: 64.11%
Epoch 25/25
Loss: 1.0754, Training Accuracy: 63.64%, Test Accuracy: 64.80%
Finished Training
| 12        | -1.075    | 0.2247    | 54.71     | 0.001096  | 7.936     |

Iteration 13, Parameters: num_layers=7, activation_fn=LeakyReLU, batch_size=109, learning_rate=0.00083
Epoch 1/25
Loss: 2.8059, Training Accuracy: 21.20%, Test Accuracy: 21.09%
Epoch 2/25
Loss: 2.1309, Training Accuracy: 28.71%, Test Accuracy: 29.67%
Epoch 3/25
Loss: 1.9832, Training Accuracy: 34.24%, Test Accuracy: 34.70%
Epoch 4/25
Loss: 1.7835, Training Accuracy: 43.21%, Test Accuracy: 43.69%
Epoch 5/25
Loss: 1.5931, Training Accuracy: 45.83%, Test Accuracy: 47.48%
Epoch 6/25
Loss: 1.4988, Training Accuracy: 50.20%, Test Accuracy: 51.30%
Epoch 7/25
Loss: 1.4468, Training Accuracy: 51.41%, Test Accuracy: 52.57%
Epoch 8/25
Loss: 1.4039, Training Accuracy: 49.98%, Test Accuracy: 50.92%
Epoch 9/25
Loss: 1.3657, Training Accuracy: 54.34%, Test Accuracy: 55.91%
Epoch 10/25
Loss: 1.3485, Training Accuracy: 55.44%, Test Accuracy: 55.69%
Epoch 11/25
Loss: 1.3205, Training Accuracy: 55.87%, Test Accuracy: 56.18%
Epoch 12/25
Loss: 1.2985, Training Accuracy: 56.19%, Test Accuracy: 57.47%
Epoch 13/25
Loss: 1.2794, Training Accuracy: 56.90%, Test Accuracy: 58.32%
Epoch 14/25
Loss: 1.2628, Training Accuracy: 57.95%, Test Accuracy: 58.99%
Epoch 15/25
Loss: 1.2430, Training Accuracy: 58.17%, Test Accuracy: 59.62%
Epoch 16/25
Loss: 1.2181, Training Accuracy: 57.67%, Test Accuracy: 59.02%
Epoch 17/25
Loss: 1.2041, Training Accuracy: 59.45%, Test Accuracy: 61.13%
Epoch 18/25
Loss: 1.1889, Training Accuracy: 60.22%, Test Accuracy: 61.73%
Epoch 19/25
Loss: 1.1854, Training Accuracy: 60.01%, Test Accuracy: 61.09%
Epoch 20/25
Loss: 1.1646, Training Accuracy: 60.80%, Test Accuracy: 62.60%
Epoch 21/25
Loss: 1.1532, Training Accuracy: 60.97%, Test Accuracy: 61.13%
Epoch 22/25
Loss: 1.1475, Training Accuracy: 61.14%, Test Accuracy: 61.81%
Epoch 23/25
Loss: 1.1449, Training Accuracy: 60.93%, Test Accuracy: 61.77%
Epoch 24/25
Loss: 1.1332, Training Accuracy: 60.30%, Test Accuracy: 62.26%
Epoch 25/25
Loss: 1.1333, Training Accuracy: 60.70%, Test Accuracy: 62.83%
Finished Training
| 13        | -1.133    | 0.1282    | 109.4     | 0.0008312 | 7.848     |

Iteration 14, Parameters: num_layers=7, activation_fn=LeakyReLU, batch_size=105, learning_rate=0.00107
Epoch 1/25
Loss: 2.5158, Training Accuracy: 22.67%, Test Accuracy: 22.84%
Epoch 2/25
Loss: 1.9561, Training Accuracy: 39.27%, Test Accuracy: 39.75%
Epoch 3/25
Loss: 1.6498, Training Accuracy: 46.93%, Test Accuracy: 49.21%
Epoch 4/25
Loss: 1.4649, Training Accuracy: 52.26%, Test Accuracy: 53.29%
Epoch 5/25
Loss: 1.3758, Training Accuracy: 54.34%, Test Accuracy: 54.75%
Epoch 6/25
Loss: 1.3286, Training Accuracy: 56.15%, Test Accuracy: 57.20%
Epoch 7/25
Loss: 1.2727, Training Accuracy: 56.90%, Test Accuracy: 57.80%
Epoch 8/25
Loss: 1.2465, Training Accuracy: 57.68%, Test Accuracy: 57.86%
Epoch 9/25
Loss: 1.2232, Training Accuracy: 58.91%, Test Accuracy: 59.67%
Epoch 10/25
Loss: 1.1940, Training Accuracy: 59.64%, Test Accuracy: 60.33%
Epoch 11/25
Loss: 1.1902, Training Accuracy: 60.23%, Test Accuracy: 61.28%
Epoch 12/25
Loss: 1.1609, Training Accuracy: 60.53%, Test Accuracy: 61.32%
Epoch 13/25
Loss: 1.1582, Training Accuracy: 60.97%, Test Accuracy: 61.06%
Epoch 14/25
Loss: 1.1463, Training Accuracy: 61.03%, Test Accuracy: 63.07%
Epoch 15/25
Loss: 1.1398, Training Accuracy: 61.66%, Test Accuracy: 62.48%
Epoch 16/25
Loss: 1.1231, Training Accuracy: 61.86%, Test Accuracy: 62.88%
Epoch 17/25
Loss: 1.1218, Training Accuracy: 62.19%, Test Accuracy: 63.52%
Epoch 18/25
Loss: 1.1132, Training Accuracy: 60.88%, Test Accuracy: 62.07%
Epoch 19/25
Loss: 1.1059, Training Accuracy: 62.33%, Test Accuracy: 61.49%
Epoch 20/25
Loss: 1.0979, Training Accuracy: 62.77%, Test Accuracy: 63.85%
Epoch 21/25
Loss: 1.0908, Training Accuracy: 62.43%, Test Accuracy: 63.29%
Epoch 22/25
Loss: 1.0890, Training Accuracy: 62.97%, Test Accuracy: 63.95%
Epoch 23/25
Loss: 1.0842, Training Accuracy: 63.41%, Test Accuracy: 64.32%
Epoch 24/25
Loss: 1.0695, Training Accuracy: 63.30%, Test Accuracy: 64.54%
Epoch 25/25
Loss: 1.0719, Training Accuracy: 63.82%, Test Accuracy: 64.55%
Finished Training
| 14        | -1.072    | 0.808     | 106.0     | 0.001071  | 7.617     |

Iteration 15, Parameters: num_layers=7, activation_fn=LeakyReLU, batch_size=81, learning_rate=0.0009
Epoch 1/25
Loss: 2.7859, Training Accuracy: 18.48%, Test Accuracy: 18.42%
Epoch 2/25
Loss: 2.1259, Training Accuracy: 30.46%, Test Accuracy: 31.32%
Epoch 3/25
Loss: 1.8569, Training Accuracy: 41.11%, Test Accuracy: 41.10%
Epoch 4/25
Loss: 1.6535, Training Accuracy: 46.55%, Test Accuracy: 46.73%
Epoch 5/25
Loss: 1.5271, Training Accuracy: 49.49%, Test Accuracy: 50.85%
Epoch 6/25
Loss: 1.4487, Training Accuracy: 50.06%, Test Accuracy: 51.32%
Epoch 7/25
Loss: 1.3986, Training Accuracy: 52.75%, Test Accuracy: 53.44%
Epoch 8/25
Loss: 1.3535, Training Accuracy: 54.54%, Test Accuracy: 55.35%
Epoch 9/25
Loss: 1.3060, Training Accuracy: 56.00%, Test Accuracy: 57.05%
Epoch 10/25
Loss: 1.2878, Training Accuracy: 56.36%, Test Accuracy: 56.91%
Epoch 11/25
Loss: 1.2681, Training Accuracy: 57.54%, Test Accuracy: 58.93%
Epoch 12/25
Loss: 1.2385, Training Accuracy: 57.89%, Test Accuracy: 58.79%
Epoch 13/25
Loss: 1.2194, Training Accuracy: 58.38%, Test Accuracy: 58.73%
Epoch 14/25
Loss: 1.2081, Training Accuracy: 59.66%, Test Accuracy: 61.03%
Epoch 15/25
Loss: 1.1847, Training Accuracy: 59.53%, Test Accuracy: 60.26%
Epoch 16/25
Loss: 1.1721, Training Accuracy: 60.51%, Test Accuracy: 61.85%
Epoch 17/25
Loss: 1.1563, Training Accuracy: 59.72%, Test Accuracy: 61.59%
Epoch 18/25
Loss: 1.1579, Training Accuracy: 60.70%, Test Accuracy: 61.91%
Epoch 19/25
Loss: 1.1453, Training Accuracy: 60.13%, Test Accuracy: 61.51%
Epoch 20/25
Loss: 1.1350, Training Accuracy: 61.44%, Test Accuracy: 62.74%
Epoch 21/25
Loss: 1.1215, Training Accuracy: 61.19%, Test Accuracy: 60.92%
Epoch 22/25
Loss: 1.1241, Training Accuracy: 62.27%, Test Accuracy: 63.78%
Epoch 23/25
Loss: 1.1203, Training Accuracy: 62.49%, Test Accuracy: 63.44%
Epoch 24/25
Loss: 1.1089, Training Accuracy: 62.21%, Test Accuracy: 62.60%
Epoch 25/25
Loss: 1.1029, Training Accuracy: 61.36%, Test Accuracy: 62.51%
Finished Training
| 15        | -1.103    | 0.252     | 81.84     | 0.0009038 | 7.73      |

Iteration 16, Parameters: num_layers=7, activation_fn=LeakyReLU, batch_size=95, learning_rate=0.00072
Epoch 1/25
Loss: 2.6154, Training Accuracy: 17.88%, Test Accuracy: 17.84%
Epoch 2/25
Loss: 2.1726, Training Accuracy: 27.72%, Test Accuracy: 27.82%
Epoch 3/25
Loss: 1.9191, Training Accuracy: 38.23%, Test Accuracy: 39.83%
Epoch 4/25
Loss: 1.6628, Training Accuracy: 46.84%, Test Accuracy: 47.82%
Epoch 5/25
Loss: 1.5087, Training Accuracy: 50.75%, Test Accuracy: 51.94%
Epoch 6/25
Loss: 1.4168, Training Accuracy: 53.68%, Test Accuracy: 54.60%
Epoch 7/25
Loss: 1.3686, Training Accuracy: 53.82%, Test Accuracy: 54.77%
Epoch 8/25
Loss: 1.3318, Training Accuracy: 55.54%, Test Accuracy: 55.98%
Epoch 9/25
Loss: 1.2973, Training Accuracy: 55.92%, Test Accuracy: 57.38%
Epoch 10/25
Loss: 1.2689, Training Accuracy: 57.34%, Test Accuracy: 58.43%
Epoch 11/25
Loss: 1.2510, Training Accuracy: 57.93%, Test Accuracy: 58.40%
Epoch 12/25
Loss: 1.2315, Training Accuracy: 57.58%, Test Accuracy: 59.16%
Epoch 13/25
Loss: 1.2223, Training Accuracy: 59.16%, Test Accuracy: 60.61%
Epoch 14/25
Loss: 1.2062, Training Accuracy: 59.06%, Test Accuracy: 60.34%
Epoch 15/25
Loss: 1.1936, Training Accuracy: 57.81%, Test Accuracy: 58.27%
Epoch 16/25
Loss: 1.1769, Training Accuracy: 59.16%, Test Accuracy: 60.28%
Epoch 17/25
Loss: 1.1692, Training Accuracy: 60.65%, Test Accuracy: 61.80%
Epoch 18/25
Loss: 1.1623, Training Accuracy: 60.49%, Test Accuracy: 62.21%
Epoch 19/25
Loss: 1.1521, Training Accuracy: 61.05%, Test Accuracy: 62.18%
Epoch 20/25
Loss: 1.1427, Training Accuracy: 61.20%, Test Accuracy: 61.74%
Epoch 21/25
Loss: 1.1377, Training Accuracy: 61.64%, Test Accuracy: 62.91%
Epoch 22/25
Loss: 1.1319, Training Accuracy: 61.59%, Test Accuracy: 63.12%
Epoch 23/25
Loss: 1.1225, Training Accuracy: 61.60%, Test Accuracy: 62.34%
Epoch 24/25
Loss: 1.1184, Training Accuracy: 61.74%, Test Accuracy: 62.89%
Epoch 25/25
Loss: 1.1132, Training Accuracy: 62.40%, Test Accuracy: 62.46%
Finished Training
| 16        | -1.113    | 0.6567    | 95.37     | 0.0007218 | 7.33      |

Iteration 17, Parameters: num_layers=7, activation_fn=LeakyReLU, batch_size=67, learning_rate=0.00118
Epoch 1/25
Loss: 2.5754, Training Accuracy: 21.69%, Test Accuracy: 21.98%
Epoch 2/25
Loss: 1.9586, Training Accuracy: 38.56%, Test Accuracy: 39.02%
Epoch 3/25
Loss: 1.6257, Training Accuracy: 47.75%, Test Accuracy: 48.59%
Epoch 4/25
Loss: 1.4809, Training Accuracy: 50.67%, Test Accuracy: 52.47%
Epoch 5/25
Loss: 1.4144, Training Accuracy: 50.97%, Test Accuracy: 52.11%
Epoch 6/25
Loss: 1.3605, Training Accuracy: 53.03%, Test Accuracy: 55.01%
Epoch 7/25
Loss: 1.3254, Training Accuracy: 54.54%, Test Accuracy: 56.46%
Epoch 8/25
Loss: 1.2947, Training Accuracy: 56.23%, Test Accuracy: 57.73%
Epoch 9/25
Loss: 1.2847, Training Accuracy: 57.20%, Test Accuracy: 57.11%
Epoch 10/25
Loss: 1.2539, Training Accuracy: 56.96%, Test Accuracy: 58.08%
Epoch 11/25
Loss: 1.2358, Training Accuracy: 58.65%, Test Accuracy: 59.13%
Epoch 12/25
Loss: 1.2188, Training Accuracy: 59.05%, Test Accuracy: 60.10%
Epoch 13/25
Loss: 1.2054, Training Accuracy: 58.81%, Test Accuracy: 59.83%
Epoch 14/25
Loss: 1.1959, Training Accuracy: 59.86%, Test Accuracy: 61.80%
Epoch 15/25
Loss: 1.1882, Training Accuracy: 59.49%, Test Accuracy: 60.20%
Epoch 16/25
Loss: 1.1729, Training Accuracy: 59.92%, Test Accuracy: 61.11%
Epoch 17/25
Loss: 1.1578, Training Accuracy: 60.32%, Test Accuracy: 61.22%
Epoch 18/25
Loss: 1.1553, Training Accuracy: 60.76%, Test Accuracy: 61.88%
Epoch 19/25
Loss: 1.1462, Training Accuracy: 60.08%, Test Accuracy: 60.91%
Epoch 20/25
Loss: 1.1320, Training Accuracy: 61.39%, Test Accuracy: 61.80%
Epoch 21/25
Loss: 1.1286, Training Accuracy: 61.45%, Test Accuracy: 62.75%
Epoch 22/25
Loss: 1.1324, Training Accuracy: 62.09%, Test Accuracy: 63.04%
Epoch 23/25
Loss: 1.1130, Training Accuracy: 61.65%, Test Accuracy: 63.53%
Epoch 24/25
Loss: 1.1137, Training Accuracy: 61.48%, Test Accuracy: 62.73%
Epoch 25/25
Loss: 1.1114, Training Accuracy: 61.83%, Test Accuracy: 63.06%
Finished Training
| 17        | -1.111    | 0.8185    | 67.68     | 0.001182  | 7.21      |

Iteration 18, Parameters: num_layers=7, activation_fn=LeakyReLU, batch_size=73, learning_rate=0.00084
Epoch 1/25
Loss: 2.6826, Training Accuracy: 23.66%, Test Accuracy: 24.16%
Epoch 2/25
Loss: 2.0011, Training Accuracy: 37.97%, Test Accuracy: 38.43%
Epoch 3/25
Loss: 1.7126, Training Accuracy: 45.18%, Test Accuracy: 45.99%
Epoch 4/25
Loss: 1.5438, Training Accuracy: 49.17%, Test Accuracy: 50.74%
Epoch 5/25
Loss: 1.4613, Training Accuracy: 51.64%, Test Accuracy: 53.42%
Epoch 6/25
Loss: 1.4145, Training Accuracy: 53.08%, Test Accuracy: 53.04%
Epoch 7/25
Loss: 1.3722, Training Accuracy: 53.47%, Test Accuracy: 54.25%
Epoch 8/25
Loss: 1.3490, Training Accuracy: 54.38%, Test Accuracy: 55.90%
Epoch 9/25
Loss: 1.3071, Training Accuracy: 56.71%, Test Accuracy: 57.00%
Epoch 10/25
Loss: 1.2803, Training Accuracy: 57.65%, Test Accuracy: 57.82%
Epoch 11/25
Loss: 1.2447, Training Accuracy: 57.90%, Test Accuracy: 59.32%
Epoch 12/25
Loss: 1.2245, Training Accuracy: 58.47%, Test Accuracy: 59.23%
Epoch 13/25
Loss: 1.1952, Training Accuracy: 57.67%, Test Accuracy: 58.91%
Epoch 14/25
Loss: 1.1863, Training Accuracy: 60.68%, Test Accuracy: 61.42%
Epoch 15/25
Loss: 1.1739, Training Accuracy: 60.03%, Test Accuracy: 60.66%
Epoch 16/25
Loss: 1.1568, Training Accuracy: 60.97%, Test Accuracy: 61.58%
Epoch 17/25
Loss: 1.1537, Training Accuracy: 60.21%, Test Accuracy: 61.60%
Epoch 18/25
Loss: 1.1386, Training Accuracy: 61.34%, Test Accuracy: 62.41%
Epoch 19/25
Loss: 1.1382, Training Accuracy: 61.30%, Test Accuracy: 61.07%
Epoch 20/25
Loss: 1.1177, Training Accuracy: 62.00%, Test Accuracy: 63.53%
Epoch 21/25
Loss: 1.1212, Training Accuracy: 61.02%, Test Accuracy: 61.85%
Epoch 22/25
Loss: 1.1149, Training Accuracy: 62.39%, Test Accuracy: 63.84%
Epoch 23/25
Loss: 1.1058, Training Accuracy: 63.13%, Test Accuracy: 63.34%
Epoch 24/25
Loss: 1.1024, Training Accuracy: 62.43%, Test Accuracy: 64.14%
Epoch 25/25
Loss: 1.0965, Training Accuracy: 62.72%, Test Accuracy: 63.70%
Finished Training
| 18        | -1.097    | 0.817     | 73.45     | 0.0008403 | 7.813     |

Iteration 19, Parameters: num_layers=7, activation_fn=LeakyReLU, batch_size=90, learning_rate=0.00121
Epoch 1/25
Loss: 2.3951, Training Accuracy: 30.29%, Test Accuracy: 31.01%
Epoch 2/25
Loss: 1.7324, Training Accuracy: 46.11%, Test Accuracy: 47.68%
Epoch 3/25
Loss: 1.4850, Training Accuracy: 52.43%, Test Accuracy: 52.90%
Epoch 4/25
Loss: 1.3864, Training Accuracy: 53.91%, Test Accuracy: 55.19%
Epoch 5/25
Loss: 1.3255, Training Accuracy: 55.59%, Test Accuracy: 56.96%
Epoch 6/25
Loss: 1.2846, Training Accuracy: 56.27%, Test Accuracy: 56.71%
Epoch 7/25
Loss: 1.2583, Training Accuracy: 58.37%, Test Accuracy: 58.48%
Epoch 8/25
Loss: 1.2264, Training Accuracy: 58.55%, Test Accuracy: 59.82%
Epoch 9/25
Loss: 1.2048, Training Accuracy: 59.24%, Test Accuracy: 60.67%
Epoch 10/25
Loss: 1.1867, Training Accuracy: 59.99%, Test Accuracy: 60.75%
Epoch 11/25
Loss: 1.1753, Training Accuracy: 59.68%, Test Accuracy: 61.22%
Epoch 12/25
Loss: 1.1680, Training Accuracy: 60.93%, Test Accuracy: 61.19%
Epoch 13/25
Loss: 1.1512, Training Accuracy: 61.15%, Test Accuracy: 61.19%
Epoch 14/25
Loss: 1.1411, Training Accuracy: 61.19%, Test Accuracy: 61.72%
Epoch 15/25
Loss: 1.1322, Training Accuracy: 61.42%, Test Accuracy: 62.02%
Epoch 16/25
Loss: 1.1213, Training Accuracy: 61.70%, Test Accuracy: 62.61%
Epoch 17/25
Loss: 1.1060, Training Accuracy: 62.21%, Test Accuracy: 63.38%
Epoch 18/25
Loss: 1.1068, Training Accuracy: 62.73%, Test Accuracy: 64.32%
Epoch 19/25
Loss: 1.0954, Training Accuracy: 63.13%, Test Accuracy: 62.87%
Epoch 20/25
Loss: 1.0887, Training Accuracy: 63.44%, Test Accuracy: 65.09%
Epoch 21/25
Loss: 1.0850, Training Accuracy: 63.21%, Test Accuracy: 63.95%
Epoch 22/25
Loss: 1.0805, Training Accuracy: 63.43%, Test Accuracy: 63.73%
Epoch 23/25
Loss: 1.0747, Training Accuracy: 62.90%, Test Accuracy: 63.76%
Epoch 24/25
Loss: 1.0733, Training Accuracy: 63.65%, Test Accuracy: 64.52%
Epoch 25/25
Loss: 1.0647, Training Accuracy: 63.50%, Test Accuracy: 65.33%
Finished Training
| 19        | -1.065    | 0.9799    | 90.44     | 0.001214  | 7.061     |

Iteration 20, Parameters: num_layers=7, activation_fn=LeakyReLU, batch_size=42, learning_rate=0.00077
Epoch 1/25
Loss: 2.6487, Training Accuracy: 24.10%, Test Accuracy: 24.34%
Epoch 2/25
Loss: 2.0020, Training Accuracy: 34.27%, Test Accuracy: 35.53%
Epoch 3/25
Loss: 1.8054, Training Accuracy: 38.94%, Test Accuracy: 38.78%
Epoch 4/25
Loss: 1.6095, Training Accuracy: 47.77%, Test Accuracy: 47.84%
Epoch 5/25
Loss: 1.4786, Training Accuracy: 51.23%, Test Accuracy: 51.46%
Epoch 6/25
Loss: 1.3985, Training Accuracy: 52.94%, Test Accuracy: 54.56%
Epoch 7/25
Loss: 1.3406, Training Accuracy: 55.32%, Test Accuracy: 56.50%
Epoch 8/25
Loss: 1.2945, Training Accuracy: 56.18%, Test Accuracy: 57.37%
Epoch 9/25
Loss: 1.2636, Training Accuracy: 56.18%, Test Accuracy: 58.42%
Epoch 10/25
Loss: 1.2397, Training Accuracy: 58.29%, Test Accuracy: 58.83%
Epoch 11/25
Loss: 1.2216, Training Accuracy: 58.54%, Test Accuracy: 59.32%
Epoch 12/25
Loss: 1.2037, Training Accuracy: 59.73%, Test Accuracy: 60.97%
Epoch 13/25
Loss: 1.1860, Training Accuracy: 59.87%, Test Accuracy: 60.72%
Epoch 14/25
Loss: 1.1656, Training Accuracy: 60.02%, Test Accuracy: 61.01%
Epoch 15/25
Loss: 1.1579, Training Accuracy: 60.97%, Test Accuracy: 61.90%
Epoch 16/25
Loss: 1.1437, Training Accuracy: 60.13%, Test Accuracy: 61.38%
Epoch 17/25
Loss: 1.1391, Training Accuracy: 61.18%, Test Accuracy: 61.98%
Epoch 18/25
Loss: 1.1358, Training Accuracy: 60.34%, Test Accuracy: 61.10%
Epoch 19/25
Loss: 1.1233, Training Accuracy: 62.08%, Test Accuracy: 62.97%
Epoch 20/25
Loss: 1.1146, Training Accuracy: 61.99%, Test Accuracy: 63.03%
Epoch 21/25
Loss: 1.1144, Training Accuracy: 62.33%, Test Accuracy: 63.04%
Epoch 22/25
Loss: 1.1040, Training Accuracy: 62.50%, Test Accuracy: 63.46%
Epoch 23/25
Loss: 1.1008, Training Accuracy: 62.48%, Test Accuracy: 63.75%
Epoch 24/25
Loss: 1.0978, Training Accuracy: 62.81%, Test Accuracy: 63.28%
Epoch 25/25
Loss: 1.0874, Training Accuracy: 62.12%, Test Accuracy: 63.05%
Finished Training
| 20        | -1.087    | 0.2316    | 42.16     | 0.0007698 | 7.704     |

Iteration 21, Parameters: num_layers=7, activation_fn=LeakyReLU, batch_size=116, learning_rate=0.00118
Epoch 1/25
Loss: 2.3943, Training Accuracy: 29.17%, Test Accuracy: 29.34%
Epoch 2/25
Loss: 1.7659, Training Accuracy: 47.64%, Test Accuracy: 49.35%
Epoch 3/25
Loss: 1.4657, Training Accuracy: 51.91%, Test Accuracy: 53.28%
Epoch 4/25
Loss: 1.3669, Training Accuracy: 54.24%, Test Accuracy: 56.21%
Epoch 5/25
Loss: 1.3013, Training Accuracy: 55.67%, Test Accuracy: 57.20%
Epoch 6/25
Loss: 1.2626, Training Accuracy: 58.11%, Test Accuracy: 59.37%
Epoch 7/25
Loss: 1.2240, Training Accuracy: 59.30%, Test Accuracy: 60.83%
Epoch 8/25
Loss: 1.2017, Training Accuracy: 58.96%, Test Accuracy: 59.67%
Epoch 9/25
Loss: 1.1804, Training Accuracy: 59.52%, Test Accuracy: 59.65%
Epoch 10/25
Loss: 1.1752, Training Accuracy: 60.45%, Test Accuracy: 60.69%
Epoch 11/25
Loss: 1.1490, Training Accuracy: 61.06%, Test Accuracy: 60.90%
Epoch 12/25
Loss: 1.1438, Training Accuracy: 61.34%, Test Accuracy: 63.15%
Epoch 13/25
Loss: 1.1283, Training Accuracy: 61.79%, Test Accuracy: 63.15%
Epoch 14/25
Loss: 1.1201, Training Accuracy: 61.37%, Test Accuracy: 61.23%
Epoch 15/25
Loss: 1.1133, Training Accuracy: 61.78%, Test Accuracy: 62.41%
Epoch 16/25
Loss: 1.1046, Training Accuracy: 61.97%, Test Accuracy: 63.83%
Epoch 17/25
Loss: 1.0958, Training Accuracy: 62.59%, Test Accuracy: 63.20%
Epoch 18/25
Loss: 1.0948, Training Accuracy: 62.04%, Test Accuracy: 63.84%
Epoch 19/25
Loss: 1.0883, Training Accuracy: 62.49%, Test Accuracy: 63.23%
Epoch 20/25
Loss: 1.0854, Training Accuracy: 62.43%, Test Accuracy: 63.16%
Epoch 21/25
Loss: 1.0851, Training Accuracy: 63.37%, Test Accuracy: 64.36%
Epoch 22/25
Loss: 1.0707, Training Accuracy: 62.72%, Test Accuracy: 64.05%
Epoch 23/25
Loss: 1.0804, Training Accuracy: 63.82%, Test Accuracy: 63.98%
Epoch 24/25
Loss: 1.0656, Training Accuracy: 63.23%, Test Accuracy: 65.37%
Epoch 25/25
Loss: 1.0703, Training Accuracy: 63.78%, Test Accuracy: 65.50%
Finished Training
| 21        | -1.07     | 0.9743    | 116.8     | 0.001181  | 7.523     |

Iteration 22, Parameters: num_layers=7, activation_fn=LeakyReLU, batch_size=60, learning_rate=0.00096
Epoch 1/25
Loss: 2.5460, Training Accuracy: 19.33%, Test Accuracy: 19.50%
Epoch 2/25
Loss: 2.0088, Training Accuracy: 33.70%, Test Accuracy: 33.90%
Epoch 3/25
Loss: 1.6702, Training Accuracy: 46.39%, Test Accuracy: 46.36%
Epoch 4/25
Loss: 1.5078, Training Accuracy: 50.67%, Test Accuracy: 50.91%
Epoch 5/25
Loss: 1.4211, Training Accuracy: 52.71%, Test Accuracy: 53.97%
Epoch 6/25
Loss: 1.3628, Training Accuracy: 55.00%, Test Accuracy: 56.10%
Epoch 7/25
