Loss: 1.3217, Training Accuracy: 56.34%, Test Accuracy: 57.19%
Epoch 8/25
Loss: 1.2894, Training Accuracy: 57.38%, Test Accuracy: 58.68%
Epoch 9/25
Loss: 1.2672, Training Accuracy: 57.09%, Test Accuracy: 58.16%
Epoch 10/25
Loss: 1.2421, Training Accuracy: 56.90%, Test Accuracy: 57.73%
Epoch 11/25
Loss: 1.2321, Training Accuracy: 58.29%, Test Accuracy: 59.46%
Epoch 12/25
Loss: 1.2111, Training Accuracy: 57.65%, Test Accuracy: 58.60%
Epoch 13/25
Loss: 1.1949, Training Accuracy: 59.23%, Test Accuracy: 60.18%
Epoch 14/25
Loss: 1.1878, Training Accuracy: 60.00%, Test Accuracy: 60.99%
Epoch 15/25
Loss: 1.1766, Training Accuracy: 58.64%, Test Accuracy: 59.04%
Epoch 16/25
Loss: 1.1642, Training Accuracy: 60.47%, Test Accuracy: 61.15%
Epoch 17/25
Loss: 1.1534, Training Accuracy: 60.99%, Test Accuracy: 62.29%
Epoch 18/25
Loss: 1.1409, Training Accuracy: 59.74%, Test Accuracy: 61.67%
Epoch 19/25
Loss: 1.1370, Training Accuracy: 61.15%, Test Accuracy: 61.88%
Epoch 20/25
Loss: 1.1299, Training Accuracy: 61.05%, Test Accuracy: 62.32%
Epoch 21/25
Loss: 1.1181, Training Accuracy: 61.85%, Test Accuracy: 62.67%
Epoch 22/25
Loss: 1.1149, Training Accuracy: 62.60%, Test Accuracy: 63.47%
Epoch 23/25
Loss: 1.1046, Training Accuracy: 62.46%, Test Accuracy: 63.48%
Epoch 24/25
Loss: 1.1012, Training Accuracy: 62.91%, Test Accuracy: 64.06%
Epoch 25/25
Loss: 1.0944, Training Accuracy: 62.62%, Test Accuracy: 63.49%
Finished Training
| 22        | -1.094    | 0.8422    | 60.49     | 0.0009598 | 7.911     |

Iteration 23, Parameters: num_layers=7, activation_fn=LeakyReLU, batch_size=95, learning_rate=0.00109
Epoch 1/25
Loss: 2.5801, Training Accuracy: 20.27%, Test Accuracy: 20.02%
Epoch 2/25
Loss: 1.9862, Training Accuracy: 34.98%, Test Accuracy: 35.77%
Epoch 3/25
Loss: 1.8042, Training Accuracy: 40.76%, Test Accuracy: 41.25%
Epoch 4/25
Loss: 1.6327, Training Accuracy: 47.78%, Test Accuracy: 49.84%
Epoch 5/25
Loss: 1.5035, Training Accuracy: 49.65%, Test Accuracy: 50.61%
Epoch 6/25
Loss: 1.4327, Training Accuracy: 52.67%, Test Accuracy: 54.04%
Epoch 7/25
Loss: 1.3856, Training Accuracy: 53.65%, Test Accuracy: 54.68%
Epoch 8/25
Loss: 1.3458, Training Accuracy: 55.41%, Test Accuracy: 56.39%
Epoch 9/25
Loss: 1.3134, Training Accuracy: 55.89%, Test Accuracy: 56.24%
Epoch 10/25
Loss: 1.2863, Training Accuracy: 56.35%, Test Accuracy: 58.09%
Epoch 11/25
Loss: 1.2578, Training Accuracy: 57.66%, Test Accuracy: 58.76%
Epoch 12/25
Loss: 1.2403, Training Accuracy: 58.50%, Test Accuracy: 58.86%
Epoch 13/25
Loss: 1.2281, Training Accuracy: 58.13%, Test Accuracy: 59.35%
Epoch 14/25
Loss: 1.2177, Training Accuracy: 58.75%, Test Accuracy: 59.72%
Epoch 15/25
Loss: 1.2108, Training Accuracy: 56.95%, Test Accuracy: 57.56%
Epoch 16/25
Loss: 1.1936, Training Accuracy: 59.37%, Test Accuracy: 60.33%
Epoch 17/25
Loss: 1.1848, Training Accuracy: 60.04%, Test Accuracy: 60.73%
Epoch 18/25
Loss: 1.1742, Training Accuracy: 60.55%, Test Accuracy: 60.07%
Epoch 19/25
Loss: 1.1647, Training Accuracy: 60.36%, Test Accuracy: 61.42%
Epoch 20/25
Loss: 1.1565, Training Accuracy: 60.86%, Test Accuracy: 62.69%
Epoch 21/25
Loss: 1.1522, Training Accuracy: 61.47%, Test Accuracy: 62.57%
Epoch 22/25
Loss: 1.1444, Training Accuracy: 61.11%, Test Accuracy: 61.98%
Epoch 23/25
Loss: 1.1316, Training Accuracy: 61.61%, Test Accuracy: 63.51%
Epoch 24/25
Loss: 1.1249, Training Accuracy: 61.18%, Test Accuracy: 62.21%
Epoch 25/25
Loss: 1.1202, Training Accuracy: 61.77%, Test Accuracy: 62.92%
Finished Training
| 23        | -1.12     | 0.5137    | 95.54     | 0.001092  | 7.066     |

Iteration 24, Parameters: num_layers=7, activation_fn=LeakyReLU, batch_size=107, learning_rate=0.00057
Epoch 1/25
Loss: 2.8057, Training Accuracy: 14.54%, Test Accuracy: 14.42%
Epoch 2/25
Loss: 2.2228, Training Accuracy: 25.69%, Test Accuracy: 26.02%
Epoch 3/25
Loss: 1.9769, Training Accuracy: 34.51%, Test Accuracy: 34.52%
Epoch 4/25
Loss: 1.8138, Training Accuracy: 42.75%, Test Accuracy: 43.25%
Epoch 5/25
Loss: 1.6373, Training Accuracy: 46.55%, Test Accuracy: 48.67%
Epoch 6/25
Loss: 1.5011, Training Accuracy: 50.65%, Test Accuracy: 51.71%
Epoch 7/25
Loss: 1.4298, Training Accuracy: 50.27%, Test Accuracy: 50.62%
Epoch 8/25
Loss: 1.3828, Training Accuracy: 53.80%, Test Accuracy: 55.59%
Epoch 9/25
Loss: 1.3558, Training Accuracy: 54.31%, Test Accuracy: 55.04%
Epoch 10/25
Loss: 1.3290, Training Accuracy: 53.32%, Test Accuracy: 53.69%
Epoch 11/25
Loss: 1.3070, Training Accuracy: 55.45%, Test Accuracy: 56.84%
Epoch 12/25
Loss: 1.2841, Training Accuracy: 56.58%, Test Accuracy: 57.85%
Epoch 13/25
Loss: 1.2646, Training Accuracy: 56.46%, Test Accuracy: 57.42%
Epoch 14/25
Loss: 1.2532, Training Accuracy: 57.79%, Test Accuracy: 58.89%
Epoch 15/25
Loss: 1.2376, Training Accuracy: 57.93%, Test Accuracy: 58.90%
Epoch 16/25
Loss: 1.2237, Training Accuracy: 57.77%, Test Accuracy: 59.32%
Epoch 17/25
Loss: 1.2085, Training Accuracy: 58.75%, Test Accuracy: 59.51%
Epoch 18/25
Loss: 1.1934, Training Accuracy: 59.28%, Test Accuracy: 60.21%
Epoch 19/25
Loss: 1.1773, Training Accuracy: 59.71%, Test Accuracy: 60.55%
Epoch 20/25
Loss: 1.1696, Training Accuracy: 59.49%, Test Accuracy: 60.07%
Epoch 21/25
Loss: 1.1537, Training Accuracy: 60.45%, Test Accuracy: 61.12%
Epoch 22/25
Loss: 1.1462, Training Accuracy: 61.21%, Test Accuracy: 62.91%
Epoch 23/25
Loss: 1.1370, Training Accuracy: 61.76%, Test Accuracy: 62.66%
Epoch 24/25
Loss: 1.1239, Training Accuracy: 62.28%, Test Accuracy: 62.53%
Epoch 25/25
Loss: 1.1252, Training Accuracy: 61.51%, Test Accuracy: 62.67%
Finished Training
| 24        | -1.125    | 0.08847   | 107.7     | 0.0005682 | 7.875     |

Iteration 25, Parameters: num_layers=7, activation_fn=LeakyReLU, batch_size=59, learning_rate=0.00063
Epoch 1/25
Loss: 2.7464, Training Accuracy: 17.99%, Test Accuracy: 18.04%
Epoch 2/25
Loss: 2.1692, Training Accuracy: 29.65%, Test Accuracy: 30.74%
Epoch 3/25
Loss: 1.9691, Training Accuracy: 34.25%, Test Accuracy: 35.98%
Epoch 4/25
Loss: 1.8267, Training Accuracy: 41.75%, Test Accuracy: 42.27%
Epoch 5/25
Loss: 1.6552, Training Accuracy: 47.09%, Test Accuracy: 48.60%
Epoch 6/25
Loss: 1.5027, Training Accuracy: 50.64%, Test Accuracy: 51.84%
Epoch 7/25
Loss: 1.4446, Training Accuracy: 51.48%, Test Accuracy: 51.81%
Epoch 8/25
Loss: 1.4080, Training Accuracy: 52.35%, Test Accuracy: 53.52%
Epoch 9/25
Loss: 1.3710, Training Accuracy: 53.66%, Test Accuracy: 54.86%
Epoch 10/25
Loss: 1.3463, Training Accuracy: 54.98%, Test Accuracy: 56.49%
Epoch 11/25
Loss: 1.3147, Training Accuracy: 55.43%, Test Accuracy: 56.31%
Epoch 12/25
Loss: 1.2867, Training Accuracy: 55.69%, Test Accuracy: 57.84%
Epoch 13/25
Loss: 1.2639, Training Accuracy: 57.32%, Test Accuracy: 58.35%
Epoch 14/25
Loss: 1.2460, Training Accuracy: 57.20%, Test Accuracy: 58.66%
Epoch 15/25
Loss: 1.2236, Training Accuracy: 58.64%, Test Accuracy: 58.05%
Epoch 16/25
Loss: 1.2126, Training Accuracy: 58.69%, Test Accuracy: 60.25%
Epoch 17/25
Loss: 1.1971, Training Accuracy: 59.37%, Test Accuracy: 60.71%
Epoch 18/25
Loss: 1.1862, Training Accuracy: 60.11%, Test Accuracy: 61.46%
Epoch 19/25
Loss: 1.1820, Training Accuracy: 60.14%, Test Accuracy: 61.39%
Epoch 20/25
Loss: 1.1699, Training Accuracy: 59.80%, Test Accuracy: 60.18%
Epoch 21/25
Loss: 1.1520, Training Accuracy: 60.45%, Test Accuracy: 61.74%
Epoch 22/25
Loss: 1.1496, Training Accuracy: 60.44%, Test Accuracy: 61.21%
Epoch 23/25
Loss: 1.1358, Training Accuracy: 61.05%, Test Accuracy: 62.81%
Epoch 24/25
Loss: 1.1268, Training Accuracy: 61.45%, Test Accuracy: 62.45%
Epoch 25/25
Loss: 1.1213, Training Accuracy: 62.20%, Test Accuracy: 63.03%
Finished Training
| 25        | -1.121    | 0.4848    | 59.21     | 0.0006286 | 7.802     |

Iteration 26, Parameters: num_layers=7, activation_fn=LeakyReLU, batch_size=48, learning_rate=0.00064
Epoch 1/25
Loss: 2.7525, Training Accuracy: 18.85%, Test Accuracy: 18.76%
Epoch 2/25
Loss: 2.0952, Training Accuracy: 30.23%, Test Accuracy: 30.72%
Epoch 3/25
Loss: 1.9075, Training Accuracy: 35.48%, Test Accuracy: 36.01%
Epoch 4/25
Loss: 1.7660, Training Accuracy: 43.10%, Test Accuracy: 43.82%
Epoch 5/25
Loss: 1.5744, Training Accuracy: 48.02%, Test Accuracy: 48.63%
Epoch 6/25
Loss: 1.4699, Training Accuracy: 51.98%, Test Accuracy: 52.79%
Epoch 7/25
Loss: 1.4049, Training Accuracy: 52.82%, Test Accuracy: 52.68%
Epoch 8/25
Loss: 1.3634, Training Accuracy: 55.07%, Test Accuracy: 56.05%
Epoch 9/25
Loss: 1.3248, Training Accuracy: 55.19%, Test Accuracy: 56.46%
Epoch 10/25
Loss: 1.2951, Training Accuracy: 54.82%, Test Accuracy: 55.96%
Epoch 11/25
Loss: 1.2793, Training Accuracy: 57.11%, Test Accuracy: 57.05%
Epoch 12/25
Loss: 1.2417, Training Accuracy: 58.54%, Test Accuracy: 59.22%
Epoch 13/25
Loss: 1.2356, Training Accuracy: 58.29%, Test Accuracy: 59.84%
Epoch 14/25
Loss: 1.2180, Training Accuracy: 59.27%, Test Accuracy: 60.24%
Epoch 15/25
Loss: 1.1978, Training Accuracy: 58.99%, Test Accuracy: 59.62%
Epoch 16/25
Loss: 1.1868, Training Accuracy: 60.11%, Test Accuracy: 61.65%
Epoch 17/25
Loss: 1.1757, Training Accuracy: 59.81%, Test Accuracy: 60.20%
Epoch 18/25
Loss: 1.1651, Training Accuracy: 60.86%, Test Accuracy: 61.97%
Epoch 19/25
Loss: 1.1558, Training Accuracy: 60.99%, Test Accuracy: 61.28%
Epoch 20/25
Loss: 1.1434, Training Accuracy: 61.56%, Test Accuracy: 61.68%
Epoch 21/25
Loss: 1.1312, Training Accuracy: 61.52%, Test Accuracy: 62.71%
Epoch 22/25
Loss: 1.1304, Training Accuracy: 62.25%, Test Accuracy: 63.26%
Epoch 23/25
Loss: 1.1205, Training Accuracy: 62.34%, Test Accuracy: 63.86%
Epoch 24/25
Loss: 1.1129, Training Accuracy: 61.80%, Test Accuracy: 62.10%
Epoch 25/25
Loss: 1.1123, Training Accuracy: 61.92%, Test Accuracy: 63.34%
Finished Training
| 26        | -1.112    | 0.24      | 48.68     | 0.0006391 | 7.501     |

Iteration 27, Parameters: num_layers=7, activation_fn=LeakyReLU, batch_size=89, learning_rate=0.00067
Epoch 1/25
Loss: 2.6019, Training Accuracy: 22.82%, Test Accuracy: 22.96%
Epoch 2/25
Loss: 2.0726, Training Accuracy: 26.84%, Test Accuracy: 27.26%
Epoch 3/25
Loss: 1.8016, Training Accuracy: 45.54%, Test Accuracy: 46.29%
Epoch 4/25
Loss: 1.5478, Training Accuracy: 49.00%, Test Accuracy: 50.15%
Epoch 5/25
Loss: 1.4366, Training Accuracy: 51.01%, Test Accuracy: 52.30%
Epoch 6/25
Loss: 1.3708, Training Accuracy: 52.76%, Test Accuracy: 54.14%
Epoch 7/25
Loss: 1.3296, Training Accuracy: 54.37%, Test Accuracy: 55.56%
Epoch 8/25
Loss: 1.2868, Training Accuracy: 54.03%, Test Accuracy: 55.35%
Epoch 9/25
Loss: 1.2617, Training Accuracy: 57.44%, Test Accuracy: 58.28%
Epoch 10/25
Loss: 1.2337, Training Accuracy: 58.58%, Test Accuracy: 59.45%
Epoch 11/25
Loss: 1.2118, Training Accuracy: 59.13%, Test Accuracy: 60.51%
Epoch 12/25
Loss: 1.1913, Training Accuracy: 59.61%, Test Accuracy: 60.97%
Epoch 13/25
Loss: 1.1848, Training Accuracy: 58.86%, Test Accuracy: 60.42%
Epoch 14/25
Loss: 1.1727, Training Accuracy: 59.29%, Test Accuracy: 59.41%
Epoch 15/25
Loss: 1.1622, Training Accuracy: 60.83%, Test Accuracy: 60.56%
Epoch 16/25
Loss: 1.1509, Training Accuracy: 60.29%, Test Accuracy: 60.54%
Epoch 17/25
Loss: 1.1444, Training Accuracy: 61.67%, Test Accuracy: 62.81%
Epoch 18/25
Loss: 1.1300, Training Accuracy: 61.26%, Test Accuracy: 62.41%
Epoch 19/25
Loss: 1.1246, Training Accuracy: 62.19%, Test Accuracy: 63.16%
Epoch 20/25
Loss: 1.1193, Training Accuracy: 61.83%, Test Accuracy: 62.80%
Epoch 21/25
Loss: 1.1095, Training Accuracy: 62.17%, Test Accuracy: 62.98%
Epoch 22/25
Loss: 1.1074, Training Accuracy: 62.60%, Test Accuracy: 63.77%
Epoch 23/25
Loss: 1.1014, Training Accuracy: 62.37%, Test Accuracy: 63.74%
Epoch 24/25
Loss: 1.0942, Training Accuracy: 62.88%, Test Accuracy: 63.98%
Epoch 25/25
Loss: 1.0897, Training Accuracy: 62.11%, Test Accuracy: 63.10%
Finished Training
| 27        | -1.09     | 0.4587    | 89.94     | 0.0006721 | 7.193     |

Iteration 28, Parameters: num_layers=7, activation_fn=LeakyReLU, batch_size=54, learning_rate=0.00096
Epoch 1/25
Loss: 2.4770, Training Accuracy: 26.85%, Test Accuracy: 27.05%
Epoch 2/25
Loss: 1.8917, Training Accuracy: 41.74%, Test Accuracy: 41.97%
Epoch 3/25
Loss: 1.5651, Training Accuracy: 50.48%, Test Accuracy: 51.40%
Epoch 4/25
Loss: 1.4171, Training Accuracy: 53.53%, Test Accuracy: 54.50%
Epoch 5/25
Loss: 1.3370, Training Accuracy: 54.90%, Test Accuracy: 56.00%
Epoch 6/25
Loss: 1.2902, Training Accuracy: 56.92%, Test Accuracy: 58.18%
Epoch 7/25
Loss: 1.2535, Training Accuracy: 56.38%, Test Accuracy: 57.88%
Epoch 8/25
Loss: 1.2327, Training Accuracy: 58.65%, Test Accuracy: 59.04%
Epoch 9/25
Loss: 1.2041, Training Accuracy: 58.70%, Test Accuracy: 60.07%
Epoch 10/25
Loss: 1.1951, Training Accuracy: 59.37%, Test Accuracy: 60.29%
Epoch 11/25
Loss: 1.1766, Training Accuracy: 60.23%, Test Accuracy: 61.26%
Epoch 12/25
Loss: 1.1597, Training Accuracy: 59.90%, Test Accuracy: 61.70%
Epoch 13/25
Loss: 1.1521, Training Accuracy: 60.85%, Test Accuracy: 61.62%
Epoch 14/25
Loss: 1.1411, Training Accuracy: 60.55%, Test Accuracy: 62.31%
Epoch 15/25
Loss: 1.1282, Training Accuracy: 61.22%, Test Accuracy: 62.66%
Epoch 16/25
Loss: 1.1251, Training Accuracy: 61.08%, Test Accuracy: 62.51%
Epoch 17/25
Loss: 1.1146, Training Accuracy: 62.41%, Test Accuracy: 63.35%
Epoch 18/25
Loss: 1.1078, Training Accuracy: 62.57%, Test Accuracy: 63.57%
Epoch 19/25
Loss: 1.1069, Training Accuracy: 62.22%, Test Accuracy: 63.20%
Epoch 20/25
Loss: 1.1066, Training Accuracy: 62.75%, Test Accuracy: 63.29%
Epoch 21/25
Loss: 1.0908, Training Accuracy: 62.90%, Test Accuracy: 63.29%
Epoch 22/25
Loss: 1.0858, Training Accuracy: 63.04%, Test Accuracy: 64.78%
Epoch 23/25
Loss: 1.0840, Training Accuracy: 62.93%, Test Accuracy: 63.45%
Epoch 24/25
Loss: 1.0764, Training Accuracy: 63.22%, Test Accuracy: 64.25%
Epoch 25/25
Loss: 1.0678, Training Accuracy: 63.15%, Test Accuracy: 64.46%
Finished Training
| 28        | -1.068    | 0.4763    | 54.57     | 0.0009588 | 7.292     |

Iteration 29, Parameters: num_layers=7, activation_fn=LeakyReLU, batch_size=62, learning_rate=0.00074
Epoch 1/25
Loss: 2.5918, Training Accuracy: 25.38%, Test Accuracy: 25.85%
Epoch 2/25
Loss: 2.0000, Training Accuracy: 35.78%, Test Accuracy: 35.83%
Epoch 3/25
Loss: 1.7803, Training Accuracy: 44.80%, Test Accuracy: 46.12%
Epoch 4/25
Loss: 1.5681, Training Accuracy: 47.53%, Test Accuracy: 48.47%
Epoch 5/25
Loss: 1.4672, Training Accuracy: 51.09%, Test Accuracy: 53.08%
Epoch 6/25
Loss: 1.3979, Training Accuracy: 54.69%, Test Accuracy: 55.87%
Epoch 7/25
Loss: 1.3427, Training Accuracy: 54.26%, Test Accuracy: 56.15%
Epoch 8/25
Loss: 1.3119, Training Accuracy: 56.24%, Test Accuracy: 57.60%
Epoch 9/25
Loss: 1.2864, Training Accuracy: 55.86%, Test Accuracy: 56.32%
Epoch 10/25
Loss: 1.2592, Training Accuracy: 57.70%, Test Accuracy: 59.70%
Epoch 11/25
Loss: 1.2324, Training Accuracy: 57.80%, Test Accuracy: 58.86%
Epoch 12/25
Loss: 1.2130, Training Accuracy: 59.38%, Test Accuracy: 60.46%
Epoch 13/25
Loss: 1.1956, Training Accuracy: 59.20%, Test Accuracy: 59.62%
Epoch 14/25
Loss: 1.1843, Training Accuracy: 59.85%, Test Accuracy: 60.62%
Epoch 15/25
Loss: 1.1706, Training Accuracy: 60.00%, Test Accuracy: 60.78%
Epoch 16/25
Loss: 1.1623, Training Accuracy: 59.82%, Test Accuracy: 61.70%
Epoch 17/25
Loss: 1.1588, Training Accuracy: 59.09%, Test Accuracy: 60.05%
Epoch 18/25
Loss: 1.1465, Training Accuracy: 61.21%, Test Accuracy: 62.07%
Epoch 19/25
Loss: 1.1415, Training Accuracy: 60.23%, Test Accuracy: 61.44%
Epoch 20/25
Loss: 1.1302, Training Accuracy: 61.26%, Test Accuracy: 62.46%
Epoch 21/25
Loss: 1.1217, Training Accuracy: 61.32%, Test Accuracy: 63.01%
Epoch 22/25
Loss: 1.1133, Training Accuracy: 61.46%, Test Accuracy: 62.15%
Epoch 23/25
Loss: 1.1084, Training Accuracy: 61.75%, Test Accuracy: 62.68%
Epoch 24/25
Loss: 1.1035, Training Accuracy: 62.21%, Test Accuracy: 62.74%
Epoch 25/25
Loss: 1.0956, Training Accuracy: 62.63%, Test Accuracy: 63.97%
Finished Training
| 29        | -1.096    | 0.5831    | 62.13     | 0.0007409 | 7.894     |

Iteration 30, Parameters: num_layers=7, activation_fn=LeakyReLU, batch_size=42, learning_rate=0.00055
Epoch 1/25
Loss: 2.9488, Training Accuracy: 19.69%, Test Accuracy: 20.04%
Epoch 2/25
Loss: 2.1371, Training Accuracy: 28.41%, Test Accuracy: 29.15%
Epoch 3/25
Loss: 1.9484, Training Accuracy: 34.13%, Test Accuracy: 34.62%
Epoch 4/25
Loss: 1.7896, Training Accuracy: 42.15%, Test Accuracy: 43.01%
Epoch 5/25
Loss: 1.6044, Training Accuracy: 47.27%, Test Accuracy: 47.91%
Epoch 6/25
Loss: 1.4893, Training Accuracy: 50.19%, Test Accuracy: 50.79%
Epoch 7/25
Loss: 1.4274, Training Accuracy: 51.90%, Test Accuracy: 53.32%
Epoch 8/25
Loss: 1.3732, Training Accuracy: 53.55%, Test Accuracy: 54.92%
Epoch 9/25
Loss: 1.3408, Training Accuracy: 54.64%, Test Accuracy: 55.14%
Epoch 10/25
Loss: 1.3142, Training Accuracy: 55.24%, Test Accuracy: 57.07%
Epoch 11/25
Loss: 1.2889, Training Accuracy: 55.63%, Test Accuracy: 57.05%
Epoch 12/25
Loss: 1.2624, Training Accuracy: 56.85%, Test Accuracy: 58.44%
Epoch 13/25
Loss: 1.2398, Training Accuracy: 58.36%, Test Accuracy: 59.94%
Epoch 14/25
Loss: 1.2277, Training Accuracy: 58.30%, Test Accuracy: 59.61%
Epoch 15/25
Loss: 1.2075, Training Accuracy: 59.77%, Test Accuracy: 61.04%
Epoch 16/25
Loss: 1.1911, Training Accuracy: 59.94%, Test Accuracy: 61.10%
Epoch 17/25
Loss: 1.1901, Training Accuracy: 59.27%, Test Accuracy: 60.46%
Epoch 18/25
Loss: 1.1696, Training Accuracy: 60.32%, Test Accuracy: 60.86%
Epoch 19/25
Loss: 1.1549, Training Accuracy: 59.86%, Test Accuracy: 60.84%
Epoch 20/25
Loss: 1.1507, Training Accuracy: 61.39%, Test Accuracy: 62.60%
Epoch 21/25
Loss: 1.1416, Training Accuracy: 60.85%, Test Accuracy: 61.48%
Epoch 22/25
Loss: 1.1429, Training Accuracy: 61.77%, Test Accuracy: 62.27%
Epoch 23/25
Loss: 1.1278, Training Accuracy: 61.89%, Test Accuracy: 63.29%
Epoch 24/25
Loss: 1.1267, Training Accuracy: 61.76%, Test Accuracy: 63.14%
Epoch 25/25
Loss: 1.1145, Training Accuracy: 61.14%, Test Accuracy: 62.59%
Finished Training
| 30        | -1.115    | 0.4995    | 42.03     | 0.0005525 | 7.421     |

Iteration 31, Parameters: num_layers=7, activation_fn=LeakyReLU, batch_size=95, learning_rate=0.00094
Epoch 1/25
Loss: 2.8969, Training Accuracy: 13.79%, Test Accuracy: 13.71%
Epoch 2/25
Loss: 2.2179, Training Accuracy: 20.67%, Test Accuracy: 21.03%
Epoch 3/25
Loss: 1.9911, Training Accuracy: 32.98%, Test Accuracy: 33.18%
Epoch 4/25
Loss: 1.8687, Training Accuracy: 38.22%, Test Accuracy: 38.46%
Epoch 5/25
Loss: 1.7597, Training Accuracy: 41.24%, Test Accuracy: 41.39%
Epoch 6/25
Loss: 1.6854, Training Accuracy: 43.97%, Test Accuracy: 44.64%
Epoch 7/25
Loss: 1.6314, Training Accuracy: 45.14%, Test Accuracy: 46.11%
Epoch 8/25
Loss: 1.5803, Training Accuracy: 47.93%, Test Accuracy: 48.21%
Epoch 9/25
Loss: 1.5393, Training Accuracy: 48.80%, Test Accuracy: 49.75%
Epoch 10/25
Loss: 1.5013, Training Accuracy: 49.98%, Test Accuracy: 51.20%
Epoch 11/25
Loss: 1.4542, Training Accuracy: 51.08%, Test Accuracy: 51.95%
Epoch 12/25
Loss: 1.4192, Training Accuracy: 52.07%, Test Accuracy: 54.06%
Epoch 13/25
Loss: 1.3959, Training Accuracy: 53.18%, Test Accuracy: 54.49%
Epoch 14/25
Loss: 1.3682, Training Accuracy: 54.60%, Test Accuracy: 55.47%
Epoch 15/25
Loss: 1.3360, Training Accuracy: 54.52%, Test Accuracy: 55.42%
Epoch 16/25
Loss: 1.3259, Training Accuracy: 55.77%, Test Accuracy: 55.96%
Epoch 17/25
Loss: 1.3007, Training Accuracy: 56.13%, Test Accuracy: 57.62%
Epoch 18/25
Loss: 1.2861, Training Accuracy: 55.37%, Test Accuracy: 55.57%
Epoch 19/25
Loss: 1.2679, Training Accuracy: 57.35%, Test Accuracy: 58.69%
Epoch 20/25
Loss: 1.2473, Training Accuracy: 57.48%, Test Accuracy: 58.46%
Epoch 21/25
Loss: 1.2332, Training Accuracy: 58.38%, Test Accuracy: 59.84%
Epoch 22/25
Loss: 1.2248, Training Accuracy: 57.87%, Test Accuracy: 58.88%
Epoch 23/25
Loss: 1.2052, Training Accuracy: 58.44%, Test Accuracy: 58.84%
Epoch 24/25
Loss: 1.2000, Training Accuracy: 59.46%, Test Accuracy: 60.13%
Epoch 25/25
Loss: 1.1887, Training Accuracy: 58.95%, Test Accuracy: 60.51%
Finished Training
| 31        | -1.189    | 0.5059    | 95.62     | 0.0009425 | 7.821     |

Iteration 32, Parameters: num_layers=7, activation_fn=LeakyReLU, batch_size=74, learning_rate=0.00106
Epoch 1/25
Loss: 2.5579, Training Accuracy: 20.87%, Test Accuracy: 20.75%
Epoch 2/25
Loss: 2.0374, Training Accuracy: 37.15%, Test Accuracy: 38.02%
Epoch 3/25
Loss: 1.6357, Training Accuracy: 49.89%, Test Accuracy: 49.66%
Epoch 4/25
Loss: 1.4468, Training Accuracy: 52.84%, Test Accuracy: 54.31%
Epoch 5/25
Loss: 1.3619, Training Accuracy: 54.39%, Test Accuracy: 54.63%
Epoch 6/25
Loss: 1.3038, Training Accuracy: 55.93%, Test Accuracy: 56.45%
Epoch 7/25
Loss: 1.2595, Training Accuracy: 58.36%, Test Accuracy: 58.93%
Epoch 8/25
Loss: 1.2359, Training Accuracy: 57.51%, Test Accuracy: 58.59%
Epoch 9/25
Loss: 1.2039, Training Accuracy: 59.54%, Test Accuracy: 60.50%
Epoch 10/25
Loss: 1.1822, Training Accuracy: 60.34%, Test Accuracy: 61.15%
Epoch 11/25
Loss: 1.1664, Training Accuracy: 60.89%, Test Accuracy: 61.74%
Epoch 12/25
Loss: 1.1588, Training Accuracy: 61.35%, Test Accuracy: 62.13%
Epoch 13/25
Loss: 1.1447, Training Accuracy: 61.65%, Test Accuracy: 62.52%
Epoch 14/25
Loss: 1.1349, Training Accuracy: 61.78%, Test Accuracy: 61.75%
Epoch 15/25
Loss: 1.1326, Training Accuracy: 62.02%, Test Accuracy: 63.50%
Epoch 16/25
Loss: 1.1110, Training Accuracy: 61.18%, Test Accuracy: 61.78%
Epoch 17/25
Loss: 1.1050, Training Accuracy: 61.46%, Test Accuracy: 63.14%
Epoch 18/25
Loss: 1.1038, Training Accuracy: 62.26%, Test Accuracy: 63.10%
Epoch 19/25
Loss: 1.0969, Training Accuracy: 63.05%, Test Accuracy: 64.26%
Epoch 20/25
Loss: 1.0920, Training Accuracy: 62.41%, Test Accuracy: 63.21%
Epoch 21/25
Loss: 1.0786, Training Accuracy: 63.01%, Test Accuracy: 63.86%
Epoch 22/25
Loss: 1.0818, Training Accuracy: 63.13%, Test Accuracy: 63.48%
Epoch 23/25
Loss: 1.0764, Training Accuracy: 63.09%, Test Accuracy: 64.28%
Epoch 24/25
Loss: 1.0652, Training Accuracy: 63.27%, Test Accuracy: 64.89%
Epoch 25/25
