|   iter    |  target   | activa... | batch_... | learni... | num_la... |
-------------------------------------------------------------------------

Iteration 1, Parameters: num_layers=7, activation_fn=LeakyReLU, batch_size=100, learning_rate=0.00095
Epoch 1/25
Loss: 2.6213, Training Accuracy: 21.45%, Test Accuracy: 21.52%
Epoch 2/25
Loss: 2.0542, Training Accuracy: 32.73%, Test Accuracy: 33.45%
Epoch 3/25
Loss: 1.7434, Training Accuracy: 45.66%, Test Accuracy: 46.55%
Epoch 4/25
Loss: 1.5299, Training Accuracy: 50.02%, Test Accuracy: 50.77%
Epoch 5/25
Loss: 1.4401, Training Accuracy: 52.75%, Test Accuracy: 53.04%
Epoch 6/25
Loss: 1.3876, Training Accuracy: 53.20%, Test Accuracy: 54.24%
Epoch 7/25
Loss: 1.3474, Training Accuracy: 54.93%, Test Accuracy: 55.67%
Epoch 8/25
Loss: 1.3147, Training Accuracy: 54.79%, Test Accuracy: 56.81%
Epoch 9/25
Loss: 1.2869, Training Accuracy: 56.90%, Test Accuracy: 57.49%
Epoch 10/25
Loss: 1.2631, Training Accuracy: 57.72%, Test Accuracy: 58.42%
Epoch 11/25
Loss: 1.2316, Training Accuracy: 58.20%, Test Accuracy: 59.02%
Epoch 12/25
Loss: 1.2146, Training Accuracy: 59.19%, Test Accuracy: 60.84%
Epoch 13/25
Loss: 1.2040, Training Accuracy: 58.94%, Test Accuracy: 59.60%
Epoch 14/25
Loss: 1.1876, Training Accuracy: 60.20%, Test Accuracy: 61.23%
Epoch 15/25
Loss: 1.1762, Training Accuracy: 60.70%, Test Accuracy: 62.08%
Epoch 16/25
Loss: 1.1613, Training Accuracy: 60.18%, Test Accuracy: 60.60%
Epoch 17/25
Loss: 1.1498, Training Accuracy: 60.62%, Test Accuracy: 61.80%
Epoch 18/25
Loss: 1.1430, Training Accuracy: 61.80%, Test Accuracy: 61.87%
Epoch 19/25
Loss: 1.1345, Training Accuracy: 62.02%, Test Accuracy: 62.66%
Epoch 20/25
Loss: 1.1374, Training Accuracy: 60.78%, Test Accuracy: 61.87%
Epoch 21/25
Loss: 1.1205, Training Accuracy: 61.38%, Test Accuracy: 62.15%
Epoch 22/25
Loss: 1.1145, Training Accuracy: 62.10%, Test Accuracy: 63.29%
Epoch 23/25
Loss: 1.1147, Training Accuracy: 60.98%, Test Accuracy: 61.82%
Epoch 24/25
Loss: 1.1051, Training Accuracy: 62.06%, Test Accuracy: 63.92%
Epoch 25/25
Loss: 1.1048, Training Accuracy: 61.97%, Test Accuracy: 62.61%
Finished Training
| 1         | -1.105    | 0.5488    | 100.7     | 0.0009521 | 7.545     |

Iteration 2, Parameters: num_layers=7, activation_fn=LeakyReLU, batch_size=94, learning_rate=0.00083
Epoch 1/25
Loss: 2.4510, Training Accuracy: 26.49%, Test Accuracy: 26.96%
Epoch 2/25
Loss: 1.9301, Training Accuracy: 43.19%, Test Accuracy: 44.45%
Epoch 3/25
Loss: 1.5872, Training Accuracy: 49.76%, Test Accuracy: 50.85%
Epoch 4/25
Loss: 1.4598, Training Accuracy: 52.05%, Test Accuracy: 53.48%
Epoch 5/25
Loss: 1.3876, Training Accuracy: 54.44%, Test Accuracy: 55.25%
Epoch 6/25
Loss: 1.3267, Training Accuracy: 56.21%, Test Accuracy: 56.80%
Epoch 7/25
Loss: 1.2909, Training Accuracy: 56.76%, Test Accuracy: 57.38%
Epoch 8/25
Loss: 1.2601, Training Accuracy: 57.70%, Test Accuracy: 58.61%
Epoch 9/25
Loss: 1.2319, Training Accuracy: 58.66%, Test Accuracy: 60.07%
Epoch 10/25
Loss: 1.2222, Training Accuracy: 59.44%, Test Accuracy: 60.63%
Epoch 11/25
Loss: 1.2008, Training Accuracy: 59.40%, Test Accuracy: 60.35%
Epoch 12/25
Loss: 1.1853, Training Accuracy: 59.94%, Test Accuracy: 61.77%
Epoch 13/25
Loss: 1.1820, Training Accuracy: 60.85%, Test Accuracy: 61.10%
Epoch 14/25
Loss: 1.1616, Training Accuracy: 59.09%, Test Accuracy: 59.73%
Epoch 15/25
Loss: 1.1501, Training Accuracy: 61.09%, Test Accuracy: 62.08%
Epoch 16/25
Loss: 1.1344, Training Accuracy: 61.33%, Test Accuracy: 61.15%
Epoch 17/25
Loss: 1.1314, Training Accuracy: 61.97%, Test Accuracy: 63.41%
Epoch 18/25
Loss: 1.1278, Training Accuracy: 61.82%, Test Accuracy: 62.84%
Epoch 19/25
Loss: 1.1212, Training Accuracy: 62.16%, Test Accuracy: 62.41%
Epoch 20/25
Loss: 1.1097, Training Accuracy: 62.20%, Test Accuracy: 63.01%
Epoch 21/25
Loss: 1.1041, Training Accuracy: 62.56%, Test Accuracy: 64.12%
Epoch 22/25
Loss: 1.1045, Training Accuracy: 62.30%, Test Accuracy: 63.03%
Epoch 23/25
Loss: 1.0999, Training Accuracy: 62.83%, Test Accuracy: 63.88%
Epoch 24/25
Loss: 1.0893, Training Accuracy: 63.53%, Test Accuracy: 64.87%
Epoch 25/25
Loss: 1.0899, Training Accuracy: 63.37%, Test Accuracy: 64.17%
Finished Training
| 2         | -1.09     | 0.4237    | 94.01     | 0.0008282 | 7.892     |

Iteration 3, Parameters: num_layers=7, activation_fn=LeakyReLU, batch_size=68, learning_rate=0.00109
Epoch 1/25
Loss: 2.4842, Training Accuracy: 27.94%, Test Accuracy: 28.05%
Epoch 2/25
Loss: 1.8970, Training Accuracy: 42.22%, Test Accuracy: 43.09%
Epoch 3/25
Loss: 1.5778, Training Accuracy: 49.35%, Test Accuracy: 49.46%
Epoch 4/25
Loss: 1.4570, Training Accuracy: 52.28%, Test Accuracy: 53.18%
Epoch 5/25
Loss: 1.3874, Training Accuracy: 54.17%, Test Accuracy: 55.14%
Epoch 6/25
Loss: 1.3375, Training Accuracy: 54.06%, Test Accuracy: 54.33%
Epoch 7/25
Loss: 1.2990, Training Accuracy: 55.70%, Test Accuracy: 56.07%
Epoch 8/25
Loss: 1.2724, Training Accuracy: 56.89%, Test Accuracy: 58.47%
Epoch 9/25
Loss: 1.2414, Training Accuracy: 57.61%, Test Accuracy: 58.37%
Epoch 10/25
Loss: 1.2237, Training Accuracy: 58.12%, Test Accuracy: 59.37%
Epoch 11/25
Loss: 1.2138, Training Accuracy: 58.95%, Test Accuracy: 59.94%
Epoch 12/25
Loss: 1.1945, Training Accuracy: 59.55%, Test Accuracy: 60.24%
Epoch 13/25
Loss: 1.1804, Training Accuracy: 59.31%, Test Accuracy: 60.43%
Epoch 14/25
Loss: 1.1694, Training Accuracy: 60.99%, Test Accuracy: 61.38%
Epoch 15/25
Loss: 1.1606, Training Accuracy: 60.78%, Test Accuracy: 62.39%
Epoch 16/25
Loss: 1.1525, Training Accuracy: 61.25%, Test Accuracy: 62.54%
Epoch 17/25
Loss: 1.1388, Training Accuracy: 61.63%, Test Accuracy: 62.51%
Epoch 18/25
Loss: 1.1314, Training Accuracy: 61.39%, Test Accuracy: 61.68%
Epoch 19/25
Loss: 1.1219, Training Accuracy: 61.59%, Test Accuracy: 62.26%
Epoch 20/25
Loss: 1.1123, Training Accuracy: 61.56%, Test Accuracy: 62.21%
Epoch 21/25
Loss: 1.1089, Training Accuracy: 62.67%, Test Accuracy: 63.16%
Epoch 22/25
Loss: 1.1020, Training Accuracy: 62.98%, Test Accuracy: 64.59%
Epoch 23/25
Loss: 1.0948, Training Accuracy: 62.14%, Test Accuracy: 63.34%
Epoch 24/25
Loss: 1.0934, Training Accuracy: 62.27%, Test Accuracy: 62.75%
Epoch 25/25
Loss: 1.0844, Training Accuracy: 62.82%, Test Accuracy: 64.14%
Finished Training
| 3         | -1.084    | 0.9637    | 68.81     | 0.001094  | 7.529     |

Iteration 4, Parameters: num_layers=7, activation_fn=LeakyReLU, batch_size=120, learning_rate=0.00055
Epoch 1/25
Loss: 2.6146, Training Accuracy: 19.13%, Test Accuracy: 19.10%
Epoch 2/25
Loss: 2.1199, Training Accuracy: 28.02%, Test Accuracy: 27.90%
Epoch 3/25
Loss: 1.9105, Training Accuracy: 37.65%, Test Accuracy: 38.21%
Epoch 4/25
Loss: 1.7250, Training Accuracy: 44.37%, Test Accuracy: 45.25%
Epoch 5/25
Loss: 1.5505, Training Accuracy: 47.63%, Test Accuracy: 48.65%
Epoch 6/25
Loss: 1.4538, Training Accuracy: 52.70%, Test Accuracy: 53.24%
Epoch 7/25
Loss: 1.3902, Training Accuracy: 54.06%, Test Accuracy: 54.67%
Epoch 8/25
Loss: 1.3403, Training Accuracy: 53.88%, Test Accuracy: 54.86%
Epoch 9/25
Loss: 1.3037, Training Accuracy: 56.51%, Test Accuracy: 57.54%
Epoch 10/25
Loss: 1.2608, Training Accuracy: 57.36%, Test Accuracy: 58.39%
Epoch 11/25
Loss: 1.2415, Training Accuracy: 58.11%, Test Accuracy: 59.32%
Epoch 12/25
Loss: 1.2133, Training Accuracy: 59.19%, Test Accuracy: 59.69%
Epoch 13/25
Loss: 1.1911, Training Accuracy: 58.71%, Test Accuracy: 59.35%
Epoch 14/25
Loss: 1.1813, Training Accuracy: 60.25%, Test Accuracy: 61.57%
Epoch 15/25
Loss: 1.1611, Training Accuracy: 60.86%, Test Accuracy: 61.37%
Epoch 16/25
Loss: 1.1515, Training Accuracy: 61.13%, Test Accuracy: 62.42%
Epoch 17/25
Loss: 1.1456, Training Accuracy: 61.33%, Test Accuracy: 61.63%
Epoch 18/25
Loss: 1.1356, Training Accuracy: 61.77%, Test Accuracy: 62.88%
Epoch 19/25
Loss: 1.1213, Training Accuracy: 62.10%, Test Accuracy: 62.26%
Epoch 20/25
Loss: 1.1193, Training Accuracy: 62.45%, Test Accuracy: 63.44%
Epoch 21/25
Loss: 1.1121, Training Accuracy: 61.62%, Test Accuracy: 61.95%
Epoch 22/25
Loss: 1.1040, Training Accuracy: 62.46%, Test Accuracy: 62.73%
Epoch 23/25
Loss: 1.0956, Training Accuracy: 63.22%, Test Accuracy: 64.18%
Epoch 24/25
Loss: 1.0955, Training Accuracy: 61.95%, Test Accuracy: 63.58%
Epoch 25/25
Loss: 1.0909, Training Accuracy: 63.03%, Test Accuracy: 63.56%
Finished Training
| 4         | -1.091    | 0.568     | 120.9     | 0.0005533 | 7.087     |

Iteration 5, Parameters: num_layers=7, activation_fn=LeakyReLU, batch_size=109, learning_rate=0.001
Epoch 1/25
Loss: 2.4616, Training Accuracy: 29.74%, Test Accuracy: 29.69%
Epoch 2/25
Loss: 1.7708, Training Accuracy: 46.42%, Test Accuracy: 46.62%
Epoch 3/25
Loss: 1.4891, Training Accuracy: 52.00%, Test Accuracy: 53.62%
Epoch 4/25
Loss: 1.3808, Training Accuracy: 53.74%, Test Accuracy: 55.07%
Epoch 5/25
Loss: 1.3296, Training Accuracy: 55.11%, Test Accuracy: 56.71%
Epoch 6/25
Loss: 1.2825, Training Accuracy: 57.22%, Test Accuracy: 58.99%
Epoch 7/25
Loss: 1.2644, Training Accuracy: 57.13%, Test Accuracy: 58.94%
Epoch 8/25
Loss: 1.2413, Training Accuracy: 57.52%, Test Accuracy: 59.20%
Epoch 9/25
Loss: 1.2156, Training Accuracy: 59.18%, Test Accuracy: 59.72%
Epoch 10/25
Loss: 1.1960, Training Accuracy: 59.20%, Test Accuracy: 59.69%
Epoch 11/25
Loss: 1.1908, Training Accuracy: 60.07%, Test Accuracy: 60.65%
Epoch 12/25
Loss: 1.1671, Training Accuracy: 59.57%, Test Accuracy: 60.75%
Epoch 13/25
Loss: 1.1634, Training Accuracy: 61.02%, Test Accuracy: 61.93%
Epoch 14/25
Loss: 1.1459, Training Accuracy: 60.17%, Test Accuracy: 61.34%
Epoch 15/25
Loss: 1.1389, Training Accuracy: 60.72%, Test Accuracy: 61.36%
Epoch 16/25
Loss: 1.1382, Training Accuracy: 61.33%, Test Accuracy: 62.25%
Epoch 17/25
Loss: 1.1280, Training Accuracy: 61.49%, Test Accuracy: 61.43%
Epoch 18/25
Loss: 1.1252, Training Accuracy: 61.63%, Test Accuracy: 62.69%
Epoch 19/25
Loss: 1.1137, Training Accuracy: 61.58%, Test Accuracy: 62.69%
Epoch 20/25
Loss: 1.1133, Training Accuracy: 61.94%, Test Accuracy: 63.57%
Epoch 21/25
Loss: 1.1047, Training Accuracy: 61.55%, Test Accuracy: 63.46%
Epoch 22/25
Loss: 1.1021, Training Accuracy: 62.48%, Test Accuracy: 63.14%
Epoch 23/25
Loss: 1.0999, Training Accuracy: 62.77%, Test Accuracy: 63.72%
Epoch 24/25
Loss: 1.0895, Training Accuracy: 62.02%, Test Accuracy: 63.80%
Epoch 25/25
Loss: 1.0917, Training Accuracy: 62.69%, Test Accuracy: 63.23%
Finished Training
| 5         | -1.092    | 0.5963    | 109.1     | 0.001001  | 7.512     |

Iteration 6, Parameters: num_layers=7, activation_fn=LeakyReLU, batch_size=44, learning_rate=0.00098
Epoch 1/25
Loss: 2.6333, Training Accuracy: 23.69%, Test Accuracy: 23.82%
Epoch 2/25
Loss: 1.9862, Training Accuracy: 37.91%, Test Accuracy: 38.04%
Epoch 3/25
Loss: 1.7146, Training Accuracy: 45.22%, Test Accuracy: 45.83%
Epoch 4/25
Loss: 1.5650, Training Accuracy: 48.91%, Test Accuracy: 49.75%
Epoch 5/25
Loss: 1.4672, Training Accuracy: 51.46%, Test Accuracy: 52.36%
Epoch 6/25
Loss: 1.4053, Training Accuracy: 53.45%, Test Accuracy: 53.91%
Epoch 7/25
Loss: 1.3485, Training Accuracy: 55.03%, Test Accuracy: 57.10%
Epoch 8/25
Loss: 1.3085, Training Accuracy: 56.30%, Test Accuracy: 57.45%
Epoch 9/25
Loss: 1.2792, Training Accuracy: 55.97%, Test Accuracy: 56.74%
Epoch 10/25
Loss: 1.2402, Training Accuracy: 57.65%, Test Accuracy: 58.88%
Epoch 11/25
Loss: 1.2146, Training Accuracy: 59.06%, Test Accuracy: 59.83%
Epoch 12/25
Loss: 1.1961, Training Accuracy: 57.93%, Test Accuracy: 59.48%
Epoch 13/25
Loss: 1.1852, Training Accuracy: 59.95%, Test Accuracy: 61.77%
Epoch 14/25
Loss: 1.1695, Training Accuracy: 60.36%, Test Accuracy: 61.11%
Epoch 15/25
Loss: 1.1482, Training Accuracy: 61.01%, Test Accuracy: 61.82%
Epoch 16/25
Loss: 1.1388, Training Accuracy: 60.55%, Test Accuracy: 61.51%
Epoch 17/25
Loss: 1.1305, Training Accuracy: 60.54%, Test Accuracy: 61.34%
Epoch 18/25
Loss: 1.1275, Training Accuracy: 61.47%, Test Accuracy: 63.01%
Epoch 19/25
Loss: 1.1212, Training Accuracy: 60.93%, Test Accuracy: 62.26%
Epoch 20/25
Loss: 1.0998, Training Accuracy: 62.25%, Test Accuracy: 63.28%
Epoch 21/25
Loss: 1.1130, Training Accuracy: 62.63%, Test Accuracy: 63.97%
Epoch 22/25
Loss: 1.0973, Training Accuracy: 61.76%, Test Accuracy: 62.79%
Epoch 23/25
Loss: 1.0887, Training Accuracy: 62.48%, Test Accuracy: 63.94%
Epoch 24/25
Loss: 1.0912, Training Accuracy: 62.61%, Test Accuracy: 63.37%
Epoch 25/25
Loss: 1.0850, Training Accuracy: 63.09%, Test Accuracy: 63.62%
Finished Training
| 6         | -1.085    | 0.4468    | 44.55     | 0.0009795 | 7.176     |

Iteration 7, Parameters: num_layers=7, activation_fn=LeakyReLU, batch_size=114, learning_rate=0.00113
Epoch 1/25
Loss: 2.4482, Training Accuracy: 23.60%, Test Accuracy: 24.35%
Epoch 2/25
Loss: 1.9366, Training Accuracy: 39.00%, Test Accuracy: 39.46%
Epoch 3/25
Loss: 1.6120, Training Accuracy: 49.87%, Test Accuracy: 50.59%
Epoch 4/25
Loss: 1.4300, Training Accuracy: 52.59%, Test Accuracy: 52.11%
Epoch 5/25
Loss: 1.3619, Training Accuracy: 55.14%, Test Accuracy: 55.53%
Epoch 6/25
Loss: 1.3126, Training Accuracy: 56.17%, Test Accuracy: 56.30%
Epoch 7/25
Loss: 1.2746, Training Accuracy: 58.06%, Test Accuracy: 58.68%
Epoch 8/25
Loss: 1.2449, Training Accuracy: 57.68%, Test Accuracy: 59.27%
Epoch 9/25
Loss: 1.2189, Training Accuracy: 58.95%, Test Accuracy: 59.67%
Epoch 10/25
Loss: 1.1922, Training Accuracy: 59.22%, Test Accuracy: 59.77%
Epoch 11/25
Loss: 1.1754, Training Accuracy: 60.59%, Test Accuracy: 60.75%
Epoch 12/25
Loss: 1.1606, Training Accuracy: 60.57%, Test Accuracy: 61.17%
Epoch 13/25
Loss: 1.1536, Training Accuracy: 61.18%, Test Accuracy: 62.29%
Epoch 14/25
Loss: 1.1339, Training Accuracy: 60.81%, Test Accuracy: 61.30%
Epoch 15/25
Loss: 1.1334, Training Accuracy: 62.14%, Test Accuracy: 63.10%
Epoch 16/25
Loss: 1.1247, Training Accuracy: 61.51%, Test Accuracy: 62.68%
Epoch 17/25
Loss: 1.1148, Training Accuracy: 62.97%, Test Accuracy: 64.02%
Epoch 18/25
Loss: 1.1115, Training Accuracy: 61.76%, Test Accuracy: 62.38%
Epoch 19/25
Loss: 1.1058, Training Accuracy: 62.79%, Test Accuracy: 63.43%
Epoch 20/25
Loss: 1.0960, Training Accuracy: 62.52%, Test Accuracy: 63.04%
Epoch 21/25
Loss: 1.0904, Training Accuracy: 62.86%, Test Accuracy: 63.93%
Epoch 22/25
Loss: 1.0799, Training Accuracy: 62.85%, Test Accuracy: 63.74%
Epoch 23/25
Loss: 1.0802, Training Accuracy: 63.63%, Test Accuracy: 65.20%
Epoch 24/25
Loss: 1.0752, Training Accuracy: 63.28%, Test Accuracy: 63.91%
Epoch 25/25
Loss: 1.0755, Training Accuracy: 63.42%, Test Accuracy: 63.55%
Finished Training
| 7         | -1.076    | 0.6148    | 114.2     | 0.001127  | 7.62      |

Iteration 8, Parameters: num_layers=7, activation_fn=LeakyReLU, batch_size=59, learning_rate=0.001
Epoch 1/25
Loss: 2.4689, Training Accuracy: 16.77%, Test Accuracy: 17.12%
Epoch 2/25
Loss: 1.9646, Training Accuracy: 38.49%, Test Accuracy: 37.90%
Epoch 3/25
Loss: 1.6504, Training Accuracy: 49.82%, Test Accuracy: 50.84%
Epoch 4/25
Loss: 1.4399, Training Accuracy: 52.61%, Test Accuracy: 53.94%
Epoch 5/25
Loss: 1.3513, Training Accuracy: 55.80%, Test Accuracy: 56.54%
Epoch 6/25
Loss: 1.2967, Training Accuracy: 56.03%, Test Accuracy: 57.32%
Epoch 7/25
Loss: 1.2529, Training Accuracy: 57.48%, Test Accuracy: 59.18%
Epoch 8/25
Loss: 1.2300, Training Accuracy: 58.68%, Test Accuracy: 59.55%
Epoch 9/25
Loss: 1.2041, Training Accuracy: 59.70%, Test Accuracy: 60.25%
Epoch 10/25
Loss: 1.1921, Training Accuracy: 59.76%, Test Accuracy: 60.62%
Epoch 11/25
Loss: 1.1613, Training Accuracy: 59.46%, Test Accuracy: 60.48%
Epoch 12/25
Loss: 1.1470, Training Accuracy: 60.99%, Test Accuracy: 61.98%
Epoch 13/25
Loss: 1.1371, Training Accuracy: 61.50%, Test Accuracy: 61.92%
Epoch 14/25
Loss: 1.1227, Training Accuracy: 61.74%, Test Accuracy: 62.37%
Epoch 15/25
Loss: 1.1201, Training Accuracy: 62.52%, Test Accuracy: 63.02%
Epoch 16/25
Loss: 1.1135, Training Accuracy: 60.78%, Test Accuracy: 62.03%
Epoch 17/25
Loss: 1.1056, Training Accuracy: 62.23%, Test Accuracy: 63.04%
Epoch 18/25
Loss: 1.0983, Training Accuracy: 62.30%, Test Accuracy: 63.68%
Epoch 19/25
Loss: 1.0868, Training Accuracy: 62.99%, Test Accuracy: 64.27%
Epoch 20/25
Loss: 1.0900, Training Accuracy: 63.61%, Test Accuracy: 64.83%
Epoch 21/25
Loss: 1.0778, Training Accuracy: 63.18%, Test Accuracy: 64.41%
Epoch 22/25
Loss: 1.0772, Training Accuracy: 62.87%, Test Accuracy: 64.53%
Epoch 23/25
Loss: 1.0717, Training Accuracy: 63.66%, Test Accuracy: 64.42%
Epoch 24/25
Loss: 1.0718, Training Accuracy: 63.52%, Test Accuracy: 64.07%
Epoch 25/25
Loss: 1.0630, Training Accuracy: 63.37%, Test Accuracy: 64.68%
Finished Training
| 8         | -1.063    | 0.9124    | 59.21     | 0.001     | 7.086     |

Iteration 9, Parameters: num_layers=7, activation_fn=LeakyReLU, batch_size=103, learning_rate=0.00076
Epoch 1/25
Loss: 2.4476, Training Accuracy: 24.03%, Test Accuracy: 24.60%
Epoch 2/25
Loss: 1.9713, Training Accuracy: 36.82%, Test Accuracy: 37.50%
Epoch 3/25
Loss: 1.6715, Training Accuracy: 47.94%, Test Accuracy: 48.88%
Epoch 4/25
Loss: 1.4611, Training Accuracy: 51.28%, Test Accuracy: 52.91%
Epoch 5/25
Loss: 1.3679, Training Accuracy: 54.23%, Test Accuracy: 54.49%
Epoch 6/25
Loss: 1.3203, Training Accuracy: 55.75%, Test Accuracy: 56.54%
Epoch 7/25
Loss: 1.2787, Training Accuracy: 56.76%, Test Accuracy: 57.77%
Epoch 8/25
Loss: 1.2549, Training Accuracy: 58.50%, Test Accuracy: 58.42%
Epoch 9/25
Loss: 1.2269, Training Accuracy: 58.23%, Test Accuracy: 59.12%
Epoch 10/25
Loss: 1.2013, Training Accuracy: 59.40%, Test Accuracy: 60.41%
Epoch 11/25
Loss: 1.1801, Training Accuracy: 59.88%, Test Accuracy: 60.96%
Epoch 12/25
Loss: 1.1729, Training Accuracy: 60.24%, Test Accuracy: 60.71%
Epoch 13/25
Loss: 1.1625, Training Accuracy: 60.23%, Test Accuracy: 60.71%
Epoch 14/25
Loss: 1.1472, Training Accuracy: 61.45%, Test Accuracy: 62.20%
Epoch 15/25
Loss: 1.1404, Training Accuracy: 61.22%, Test Accuracy: 61.99%
Epoch 16/25
Loss: 1.1251, Training Accuracy: 61.93%, Test Accuracy: 62.95%
Epoch 17/25
Loss: 1.1240, Training Accuracy: 61.88%, Test Accuracy: 62.79%
Epoch 18/25
Loss: 1.1128, Training Accuracy: 62.36%, Test Accuracy: 62.79%
Epoch 19/25
Loss: 1.1107, Training Accuracy: 62.85%, Test Accuracy: 64.47%
Epoch 20/25
Loss: 1.0952, Training Accuracy: 62.04%, Test Accuracy: 62.18%
Epoch 21/25
Loss: 1.0992, Training Accuracy: 62.39%, Test Accuracy: 63.15%
Epoch 22/25
Loss: 1.0909, Training Accuracy: 62.33%, Test Accuracy: 63.44%
Epoch 23/25
Loss: 1.0819, Training Accuracy: 62.48%, Test Accuracy: 63.83%
Epoch 24/25
Loss: 1.0835, Training Accuracy: 63.63%, Test Accuracy: 64.29%
Epoch 25/25
Loss: 1.0719, Training Accuracy: 63.63%, Test Accuracy: 64.35%
Finished Training
| 9         | -1.072    | 0.846     | 103.2     | 0.0007583 | 7.571     |

Iteration 10, Parameters: num_layers=7, activation_fn=LeakyReLU, batch_size=59, learning_rate=0.00055
Epoch 1/25
Loss: 2.5927, Training Accuracy: 20.48%, Test Accuracy: 21.06%
Epoch 2/25
Loss: 2.0934, Training Accuracy: 27.44%, Test Accuracy: 27.43%
Epoch 3/25
Loss: 1.9466, Training Accuracy: 30.61%, Test Accuracy: 31.47%
Epoch 4/25
Loss: 1.8291, Training Accuracy: 39.56%, Test Accuracy: 40.42%
Epoch 5/25
Loss: 1.6136, Training Accuracy: 49.66%, Test Accuracy: 50.66%
Epoch 6/25
Loss: 1.4524, Training Accuracy: 52.37%, Test Accuracy: 52.86%
Epoch 7/25
Loss: 1.3871, Training Accuracy: 53.36%, Test Accuracy: 54.67%
Epoch 8/25
Loss: 1.3408, Training Accuracy: 53.95%, Test Accuracy: 54.55%
Epoch 9/25
Loss: 1.3092, Training Accuracy: 54.61%, Test Accuracy: 55.02%
Epoch 10/25
Loss: 1.2831, Training Accuracy: 56.40%, Test Accuracy: 57.61%
Epoch 11/25
Loss: 1.2521, Training Accuracy: 56.92%, Test Accuracy: 57.89%
Epoch 12/25
Loss: 1.2351, Training Accuracy: 59.07%, Test Accuracy: 59.47%
Epoch 13/25
Loss: 1.2164, Training Accuracy: 58.92%, Test Accuracy: 59.97%
Epoch 14/25
Loss: 1.2023, Training Accuracy: 59.49%, Test Accuracy: 60.70%
Epoch 15/25
Loss: 1.1899, Training Accuracy: 58.98%, Test Accuracy: 60.84%
Epoch 16/25
Loss: 1.1785, Training Accuracy: 60.13%, Test Accuracy: 61.27%
Epoch 17/25
Loss: 1.1630, Training Accuracy: 59.21%, Test Accuracy: 59.96%
Epoch 18/25
Loss: 1.1599, Training Accuracy: 60.00%, Test Accuracy: 60.98%
Epoch 19/25
Loss: 1.1501, Training Accuracy: 60.85%, Test Accuracy: 61.88%
Epoch 20/25
Loss: 1.1438, Training Accuracy: 61.16%, Test Accuracy: 61.27%
Epoch 21/25
Loss: 1.1460, Training Accuracy: 61.03%, Test Accuracy: 62.47%
Epoch 22/25
Loss: 1.1335, Training Accuracy: 62.26%, Test Accuracy: 62.81%
Epoch 23/25
Loss: 1.1249, Training Accuracy: 61.81%, Test Accuracy: 62.71%
Epoch 24/25
Loss: 1.1216, Training Accuracy: 61.74%, Test Accuracy: 63.38%
Epoch 25/25
Loss: 1.1109, Training Accuracy: 62.36%, Test Accuracy: 63.57%
Finished Training
| 10        | -1.111    | 0.7954    | 59.2      | 0.0005541 | 7.061     |

Iteration 11, Parameters: num_layers=7, activation_fn=LeakyReLU, batch_size=75, learning_rate=0.00119
Epoch 1/25
Loss: 2.4687, Training Accuracy: 27.39%, Test Accuracy: 26.92%
Epoch 2/25
Loss: 1.8802, Training Accuracy: 42.34%, Test Accuracy: 43.24%
Epoch 3/25
Loss: 1.5063, Training Accuracy: 52.44%, Test Accuracy: 52.98%
Epoch 4/25
Loss: 1.3867, Training Accuracy: 54.31%, Test Accuracy: 55.44%
Epoch 5/25
Loss: 1.3373, Training Accuracy: 55.36%, Test Accuracy: 56.35%
Epoch 6/25
Loss: 1.2896, Training Accuracy: 56.04%, Test Accuracy: 56.26%
Epoch 7/25
Loss: 1.2610, Training Accuracy: 58.09%, Test Accuracy: 58.91%
Epoch 8/25
Loss: 1.2342, Training Accuracy: 58.70%, Test Accuracy: 59.82%
Epoch 9/25
Loss: 1.2102, Training Accuracy: 57.16%, Test Accuracy: 58.36%
Epoch 10/25
Loss: 1.1961, Training Accuracy: 59.37%, Test Accuracy: 60.89%
Epoch 11/25
Loss: 1.1847, Training Accuracy: 59.29%, Test Accuracy: 60.74%
Epoch 12/25
Loss: 1.1688, Training Accuracy: 60.10%, Test Accuracy: 61.33%
Epoch 13/25
Loss: 1.1552, Training Accuracy: 60.32%, Test Accuracy: 60.82%
Epoch 14/25
Loss: 1.1503, Training Accuracy: 61.26%, Test Accuracy: 61.65%
Epoch 15/25
Loss: 1.1357, Training Accuracy: 60.87%, Test Accuracy: 62.01%
Epoch 16/25
